<?xml version="1.0" encoding="utf-8"?>
<CoverageSession>
  <Summary numSequencePoints="326" visitedSequencePoints="212" numBranchPoints="52" visitedBranchPoints="34" sequenceCoverage="65.03" branchCoverage="65.38" maxCyclomaticComplexity="95" minCyclomaticComplexity="95" visitedClasses="29" numClasses="33" visitedMethods="46" numMethods="58" />
  <Modules>
    <Module hash="BD3090C6-FD10-48CF-899C-8E7D4A853A7D">
      <ModulePath>AvanadeEstacionamento.Domain.dll</ModulePath>
      <ModuleTime>2024-01-07T02:58:11</ModuleTime>
      <ModuleName>AvanadeEstacionamento.Domain</ModuleName>
      <Files>
        <File uid="1" fullPath="C:\Users\Programador\Desktop\estacionamento\estacionamento\AvanadeEstacionamento.Domain\Validation\ErrorValidation.cs" />
        <File uid="2" fullPath="C:\Users\Programador\Desktop\estacionamento\estacionamento\AvanadeEstacionamento.Domain\Services\EstacionamentoService.cs" />
        <File uid="3" fullPath="C:\Users\Programador\Desktop\estacionamento\estacionamento\AvanadeEstacionamento.Domain\Services\VeiculoService.cs" />
        <File uid="4" fullPath="C:\Users\Programador\Desktop\estacionamento\estacionamento\AvanadeEstacionamento.Domain\Models\BaseModel.cs" />
        <File uid="5" fullPath="C:\Users\Programador\Desktop\estacionamento\estacionamento\AvanadeEstacionamento.Domain\Models\EstacionamentoModel.cs" />
        <File uid="6" fullPath="C:\Users\Programador\Desktop\estacionamento\estacionamento\AvanadeEstacionamento.Domain\Models\VeiculoModel.cs" />
        <File uid="7" fullPath="C:\Users\Programador\Desktop\estacionamento\estacionamento\AvanadeEstacionamento.Domain\Exceptions\AlreadyCheckoutVeiculo.cs" />
        <File uid="8" fullPath="C:\Users\Programador\Desktop\estacionamento\estacionamento\AvanadeEstacionamento.Domain\Exceptions\NotFoundException.cs" />
        <File uid="9" fullPath="C:\Users\Programador\Desktop\estacionamento\estacionamento\AvanadeEstacionamento.Domain\Exceptions\ResourceAlreadyExistsException.cs" />
        <File uid="10" fullPath="C:\Users\Programador\Desktop\estacionamento\estacionamento\AvanadeEstacionamento.Domain\DTO\Veiculo\RequestUpdateVeiculoDTO.cs" />
        <File uid="11" fullPath="C:\Users\Programador\Desktop\estacionamento\estacionamento\AvanadeEstacionamento.Domain\DTO\Veiculo\RequestVeiculoDTO.cs" />
        <File uid="12" fullPath="C:\Users\Programador\Desktop\estacionamento\estacionamento\AvanadeEstacionamento.Domain\DTO\Veiculo\ResponseCheckoutVeiculoDTO.cs" />
        <File uid="13" fullPath="C:\Users\Programador\Desktop\estacionamento\estacionamento\AvanadeEstacionamento.Domain\DTO\Estacionamento\RequestEstacionamentoDTO.cs" />
        <File uid="14" fullPath="C:\Users\Programador\Desktop\estacionamento\estacionamento\AvanadeEstacionamento.Domain\DTO\Estacionamento\RequestUpdateEstacionamentoDTO .cs" />
        <File uid="15" fullPath="C:\Users\Programador\Desktop\estacionamento\estacionamento\AvanadeEstacionamento.Domain\AutoMapper\AutoMapperProfile.cs" />
      </Files>
      <Classes>
        <Class>
          <Summary numSequencePoints="16" visitedSequencePoints="0" numBranchPoints="0" visitedBranchPoints="0" sequenceCoverage="0" branchCoverage="100" maxCyclomaticComplexity="1" minCyclomaticComplexity="1" visitedClasses="0" numClasses="1" visitedMethods="0" numMethods="5" />
          <FullName>AvanadeEstacionamento.Domain.Validation.ErrorValidation</FullName>
          <Methods>
            <Method cyclomaticComplexity="1" nPathComplexity="1" sequenceCoverage="0" branchCoverage="100" isConstructor="False" isGetter="True" isSetter="False" isStatic="True">
              <Summary numSequencePoints="1" visitedSequencePoints="0" numBranchPoints="0" visitedBranchPoints="0" sequenceCoverage="0" branchCoverage="100" maxCyclomaticComplexity="1" minCyclomaticComplexity="1" visitedClasses="0" numClasses="0" visitedMethods="0" numMethods="1" />
              <MetadataToken />
              <Name>System.String AvanadeEstacionamento.Domain.Validation.ErrorValidation::get_TraceId()</Name>
              <FileRef uid="1" />
              <SequencePoints>
                <SequencePoint vc="0" uspid="20" ordinal="0" sl="20" sc="1" el="20" ec="2" bec="0" bev="0" fileid="1" />
              </SequencePoints>
              <BranchPoints />
              <MethodPoint vc="0" uspid="0" p8:type="SequencePoint" ordinal="0" offset="0" sc="0" sl="20" ec="1" el="20" bec="0" bev="0" fileid="1" xmlns:p8="xsi" />
            </Method>
            <Method cyclomaticComplexity="1" nPathComplexity="1" sequenceCoverage="0" branchCoverage="100" isConstructor="False" isGetter="True" isSetter="False" isStatic="True">
              <Summary numSequencePoints="1" visitedSequencePoints="0" numBranchPoints="0" visitedBranchPoints="0" sequenceCoverage="0" branchCoverage="100" maxCyclomaticComplexity="1" minCyclomaticComplexity="1" visitedClasses="0" numClasses="0" visitedMethods="0" numMethods="1" />
              <MetadataToken />
              <Name>System.Collections.Generic.List`1&lt;AvanadeEstacionamento.Domain.Validation.ErrorValidation/ErrorDetails&gt; AvanadeEstacionamento.Domain.Validation.ErrorValidation::get_Errors()</Name>
              <FileRef uid="1" />
              <SequencePoints>
                <SequencePoint vc="0" uspid="21" ordinal="0" sl="21" sc="1" el="21" ec="2" bec="0" bev="0" fileid="1" />
              </SequencePoints>
              <BranchPoints />
              <MethodPoint vc="0" uspid="0" p8:type="SequencePoint" ordinal="1" offset="1" sc="0" sl="21" ec="1" el="21" bec="0" bev="0" fileid="1" xmlns:p8="xsi" />
            </Method>
            <Method cyclomaticComplexity="1" nPathComplexity="1" sequenceCoverage="0" branchCoverage="100" isConstructor="False" isGetter="False" isSetter="False" isStatic="True">
              <Summary numSequencePoints="3" visitedSequencePoints="0" numBranchPoints="0" visitedBranchPoints="0" sequenceCoverage="0" branchCoverage="100" maxCyclomaticComplexity="1" minCyclomaticComplexity="1" visitedClasses="0" numClasses="0" visitedMethods="0" numMethods="1" />
              <MetadataToken />
              <Name>System.Void AvanadeEstacionamento.Domain.Validation.ErrorValidation::AddError(System.String,System.Net.HttpStatusCode)</Name>
              <FileRef uid="1" />
              <SequencePoints>
                <SequencePoint vc="0" uspid="36" ordinal="0" sl="36" sc="1" el="36" ec="2" bec="0" bev="0" fileid="1" />
                <SequencePoint vc="0" uspid="37" ordinal="1" sl="37" sc="1" el="37" ec="2" bec="0" bev="0" fileid="1" />
                <SequencePoint vc="0" uspid="38" ordinal="2" sl="38" sc="1" el="38" ec="2" bec="0" bev="0" fileid="1" />
              </SequencePoints>
              <BranchPoints />
              <MethodPoint vc="0" uspid="0" p8:type="SequencePoint" ordinal="2" offset="2" sc="0" sl="36" ec="1" el="38" bec="0" bev="0" fileid="1" xmlns:p8="xsi" />
            </Method>
            <Method cyclomaticComplexity="1" nPathComplexity="1" sequenceCoverage="0" branchCoverage="100" isConstructor="True" isGetter="False" isSetter="False" isStatic="True">
              <Summary numSequencePoints="5" visitedSequencePoints="0" numBranchPoints="0" visitedBranchPoints="0" sequenceCoverage="0" branchCoverage="100" maxCyclomaticComplexity="1" minCyclomaticComplexity="1" visitedClasses="0" numClasses="0" visitedMethods="0" numMethods="1" />
              <MetadataToken />
              <Name>System.Void AvanadeEstacionamento.Domain.Validation.ErrorValidation::.ctor()</Name>
              <FileRef uid="1" />
              <SequencePoints>
                <SequencePoint vc="0" uspid="7" ordinal="0" sl="7" sc="1" el="7" ec="2" bec="0" bev="0" fileid="1" />
                <SequencePoint vc="0" uspid="8" ordinal="1" sl="8" sc="1" el="8" ec="2" bec="0" bev="0" fileid="1" />
                <SequencePoint vc="0" uspid="9" ordinal="2" sl="9" sc="1" el="9" ec="2" bec="0" bev="0" fileid="1" />
                <SequencePoint vc="0" uspid="10" ordinal="3" sl="10" sc="1" el="10" ec="2" bec="0" bev="0" fileid="1" />
                <SequencePoint vc="0" uspid="11" ordinal="4" sl="11" sc="1" el="11" ec="2" bec="0" bev="0" fileid="1" />
              </SequencePoints>
              <BranchPoints />
              <MethodPoint vc="0" uspid="0" p8:type="SequencePoint" ordinal="3" offset="3" sc="0" sl="7" ec="1" el="11" bec="0" bev="0" fileid="1" xmlns:p8="xsi" />
            </Method>
            <Method cyclomaticComplexity="1" nPathComplexity="1" sequenceCoverage="0" branchCoverage="100" isConstructor="True" isGetter="False" isSetter="False" isStatic="True">
              <Summary numSequencePoints="6" visitedSequencePoints="0" numBranchPoints="0" visitedBranchPoints="0" sequenceCoverage="0" branchCoverage="100" maxCyclomaticComplexity="1" minCyclomaticComplexity="1" visitedClasses="0" numClasses="0" visitedMethods="0" numMethods="1" />
              <MetadataToken />
              <Name>System.Void AvanadeEstacionamento.Domain.Validation.ErrorValidation::.ctor(System.String,System.Net.HttpStatusCode)</Name>
              <FileRef uid="1" />
              <SequencePoints>
                <SequencePoint vc="0" uspid="13" ordinal="0" sl="13" sc="1" el="13" ec="2" bec="0" bev="0" fileid="1" />
                <SequencePoint vc="0" uspid="14" ordinal="1" sl="14" sc="1" el="14" ec="2" bec="0" bev="0" fileid="1" />
                <SequencePoint vc="0" uspid="15" ordinal="2" sl="15" sc="1" el="15" ec="2" bec="0" bev="0" fileid="1" />
                <SequencePoint vc="0" uspid="16" ordinal="3" sl="16" sc="1" el="16" ec="2" bec="0" bev="0" fileid="1" />
                <SequencePoint vc="0" uspid="17" ordinal="4" sl="17" sc="1" el="17" ec="2" bec="0" bev="0" fileid="1" />
                <SequencePoint vc="0" uspid="18" ordinal="5" sl="18" sc="1" el="18" ec="2" bec="0" bev="0" fileid="1" />
              </SequencePoints>
              <BranchPoints />
              <MethodPoint vc="0" uspid="0" p8:type="SequencePoint" ordinal="4" offset="4" sc="0" sl="13" ec="1" el="18" bec="0" bev="0" fileid="1" xmlns:p8="xsi" />
            </Method>
          </Methods>
        </Class>
        <Class>
          <Summary numSequencePoints="7" visitedSequencePoints="0" numBranchPoints="0" visitedBranchPoints="0" sequenceCoverage="0" branchCoverage="100" maxCyclomaticComplexity="1" minCyclomaticComplexity="1" visitedClasses="0" numClasses="1" visitedMethods="0" numMethods="3" />
          <FullName>AvanadeEstacionamento.Domain.Validation.ErrorValidation/ErrorDetails</FullName>
          <Methods>
            <Method cyclomaticComplexity="1" nPathComplexity="1" sequenceCoverage="0" branchCoverage="100" isConstructor="False" isGetter="True" isSetter="False" isStatic="True">
              <Summary numSequencePoints="1" visitedSequencePoints="0" numBranchPoints="0" visitedBranchPoints="0" sequenceCoverage="0" branchCoverage="100" maxCyclomaticComplexity="1" minCyclomaticComplexity="1" visitedClasses="0" numClasses="0" visitedMethods="0" numMethods="1" />
              <MetadataToken />
              <Name>System.String AvanadeEstacionamento.Domain.Validation.ErrorValidation/ErrorDetails::get_Message()</Name>
              <FileRef uid="1" />
              <SequencePoints>
                <SequencePoint vc="0" uspid="25" ordinal="0" sl="25" sc="1" el="25" ec="2" bec="0" bev="0" fileid="1" />
              </SequencePoints>
              <BranchPoints />
              <MethodPoint vc="0" uspid="0" p8:type="SequencePoint" ordinal="0" offset="0" sc="0" sl="25" ec="1" el="25" bec="0" bev="0" fileid="1" xmlns:p8="xsi" />
            </Method>
            <Method cyclomaticComplexity="1" nPathComplexity="1" sequenceCoverage="0" branchCoverage="100" isConstructor="False" isGetter="True" isSetter="False" isStatic="True">
              <Summary numSequencePoints="1" visitedSequencePoints="0" numBranchPoints="0" visitedBranchPoints="0" sequenceCoverage="0" branchCoverage="100" maxCyclomaticComplexity="1" minCyclomaticComplexity="1" visitedClasses="0" numClasses="0" visitedMethods="0" numMethods="1" />
              <MetadataToken />
              <Name>System.Net.HttpStatusCode AvanadeEstacionamento.Domain.Validation.ErrorValidation/ErrorDetails::get_Status()</Name>
              <FileRef uid="1" />
              <SequencePoints>
                <SequencePoint vc="0" uspid="26" ordinal="0" sl="26" sc="1" el="26" ec="2" bec="0" bev="0" fileid="1" />
              </SequencePoints>
              <BranchPoints />
              <MethodPoint vc="0" uspid="0" p8:type="SequencePoint" ordinal="1" offset="1" sc="0" sl="26" ec="1" el="26" bec="0" bev="0" fileid="1" xmlns:p8="xsi" />
            </Method>
            <Method cyclomaticComplexity="1" nPathComplexity="1" sequenceCoverage="0" branchCoverage="100" isConstructor="True" isGetter="False" isSetter="False" isStatic="True">
              <Summary numSequencePoints="5" visitedSequencePoints="0" numBranchPoints="0" visitedBranchPoints="0" sequenceCoverage="0" branchCoverage="100" maxCyclomaticComplexity="1" minCyclomaticComplexity="1" visitedClasses="0" numClasses="0" visitedMethods="0" numMethods="1" />
              <MetadataToken />
              <Name>System.Void AvanadeEstacionamento.Domain.Validation.ErrorValidation/ErrorDetails::.ctor(System.String,System.Net.HttpStatusCode)</Name>
              <FileRef uid="1" />
              <SequencePoints>
                <SequencePoint vc="0" uspid="28" ordinal="0" sl="28" sc="1" el="28" ec="2" bec="0" bev="0" fileid="1" />
                <SequencePoint vc="0" uspid="29" ordinal="1" sl="29" sc="1" el="29" ec="2" bec="0" bev="0" fileid="1" />
                <SequencePoint vc="0" uspid="30" ordinal="2" sl="30" sc="1" el="30" ec="2" bec="0" bev="0" fileid="1" />
                <SequencePoint vc="0" uspid="31" ordinal="3" sl="31" sc="1" el="31" ec="2" bec="0" bev="0" fileid="1" />
                <SequencePoint vc="0" uspid="32" ordinal="4" sl="32" sc="1" el="32" ec="2" bec="0" bev="0" fileid="1" />
              </SequencePoints>
              <BranchPoints />
              <MethodPoint vc="0" uspid="0" p8:type="SequencePoint" ordinal="2" offset="2" sc="0" sl="28" ec="1" el="32" bec="0" bev="0" fileid="1" xmlns:p8="xsi" />
            </Method>
          </Methods>
        </Class>
        <Class>
          <Summary numSequencePoints="5" visitedSequencePoints="5" numBranchPoints="0" visitedBranchPoints="0" sequenceCoverage="100" branchCoverage="100" maxCyclomaticComplexity="1" minCyclomaticComplexity="1" visitedClasses="1" numClasses="1" visitedMethods="1" numMethods="1" />
          <FullName>AvanadeEstacionamento.Domain.Services.EstacionamentoService</FullName>
          <Methods>
            <Method cyclomaticComplexity="1" nPathComplexity="1" sequenceCoverage="100" branchCoverage="100" isConstructor="True" isGetter="False" isSetter="False" isStatic="True">
              <Summary numSequencePoints="5" visitedSequencePoints="5" numBranchPoints="0" visitedBranchPoints="0" sequenceCoverage="100" branchCoverage="100" maxCyclomaticComplexity="1" minCyclomaticComplexity="1" visitedClasses="0" numClasses="0" visitedMethods="1" numMethods="1" />
              <MetadataToken />
              <Name>System.Void AvanadeEstacionamento.Domain.Services.EstacionamentoService::.ctor(AvanadeEstacionamento.Domain.Interfaces.Repository.IEstacionamentoRepository,AutoMapper.IMapper)</Name>
              <FileRef uid="2" />
              <SequencePoints>
                <SequencePoint vc="22" uspid="24" ordinal="0" sl="24" sc="1" el="24" ec="2" bec="0" bev="0" fileid="2" />
                <SequencePoint vc="22" uspid="25" ordinal="1" sl="25" sc="1" el="25" ec="2" bec="0" bev="0" fileid="2" />
                <SequencePoint vc="22" uspid="26" ordinal="2" sl="26" sc="1" el="26" ec="2" bec="0" bev="0" fileid="2" />
                <SequencePoint vc="22" uspid="27" ordinal="3" sl="27" sc="1" el="27" ec="2" bec="0" bev="0" fileid="2" />
                <SequencePoint vc="22" uspid="28" ordinal="4" sl="28" sc="1" el="28" ec="2" bec="0" bev="0" fileid="2" />
              </SequencePoints>
              <BranchPoints />
              <MethodPoint vc="5" uspid="0" p8:type="SequencePoint" ordinal="0" offset="0" sc="0" sl="24" ec="1" el="28" bec="0" bev="0" fileid="2" xmlns:p8="xsi" />
            </Method>
          </Methods>
        </Class>
        <Class>
          <Summary numSequencePoints="20" visitedSequencePoints="15" numBranchPoints="4" visitedBranchPoints="3" sequenceCoverage="75" branchCoverage="75" maxCyclomaticComplexity="4" minCyclomaticComplexity="4" visitedClasses="1" numClasses="1" visitedMethods="1" numMethods="1" />
          <FullName>AvanadeEstacionamento.Domain.Services.EstacionamentoService/&lt;Create&gt;d__6</FullName>
          <Methods>
            <Method cyclomaticComplexity="4" nPathComplexity="4" sequenceCoverage="75" branchCoverage="75" isConstructor="False" isGetter="False" isSetter="False" isStatic="True">
              <Summary numSequencePoints="20" visitedSequencePoints="15" numBranchPoints="4" visitedBranchPoints="3" sequenceCoverage="75" branchCoverage="75" maxCyclomaticComplexity="4" minCyclomaticComplexity="4" visitedClasses="0" numClasses="0" visitedMethods="1" numMethods="1" />
              <MetadataToken />
              <Name>System.Void AvanadeEstacionamento.Domain.Services.EstacionamentoService/&lt;Create&gt;d__6::MoveNext()</Name>
              <FileRef uid="2" />
              <SequencePoints>
                <SequencePoint vc="3" uspid="83" ordinal="0" sl="83" sc="1" el="83" ec="2" bec="0" bev="0" fileid="2" />
                <SequencePoint vc="3" uspid="85" ordinal="1" sl="85" sc="1" el="85" ec="2" bec="0" bev="0" fileid="2" />
                <SequencePoint vc="3" uspid="87" ordinal="2" sl="87" sc="1" el="87" ec="2" bec="0" bev="0" fileid="2" />
                <SequencePoint vc="3" uspid="89" ordinal="3" sl="89" sc="1" el="89" ec="2" bec="2" bev="2" fileid="2" />
                <SequencePoint vc="1" uspid="90" ordinal="4" sl="90" sc="1" el="90" ec="2" bec="0" bev="0" fileid="2" />
                <SequencePoint vc="1" uspid="91" ordinal="5" sl="91" sc="1" el="91" ec="2" bec="0" bev="0" fileid="2" />
                <SequencePoint vc="2" uspid="94" ordinal="6" sl="94" sc="1" el="94" ec="2" bec="0" bev="0" fileid="2" />
                <SequencePoint vc="2" uspid="95" ordinal="7" sl="95" sc="1" el="95" ec="2" bec="0" bev="0" fileid="2" />
                <SequencePoint vc="2" uspid="97" ordinal="8" sl="97" sc="1" el="97" ec="2" bec="2" bev="1" fileid="2" />
                <SequencePoint vc="2" uspid="98" ordinal="9" sl="98" sc="1" el="98" ec="2" bec="0" bev="0" fileid="2" />
                <SequencePoint vc="2" uspid="99" ordinal="10" sl="99" sc="1" el="99" ec="2" bec="0" bev="0" fileid="2" />
                <SequencePoint vc="0" uspid="102" ordinal="11" sl="102" sc="1" el="102" ec="2" bec="0" bev="0" fileid="2" />
                <SequencePoint vc="0" uspid="103" ordinal="12" sl="103" sc="1" el="103" ec="2" bec="0" bev="0" fileid="2" />
                <SequencePoint vc="1" uspid="106" ordinal="13" sl="106" sc="1" el="106" ec="2" bec="0" bev="0" fileid="2" />
                <SequencePoint vc="1" uspid="107" ordinal="14" sl="107" sc="1" el="107" ec="2" bec="0" bev="0" fileid="2" />
                <SequencePoint vc="1" uspid="108" ordinal="15" sl="108" sc="1" el="108" ec="2" bec="0" bev="0" fileid="2" />
                <SequencePoint vc="0" uspid="110" ordinal="16" sl="110" sc="1" el="110" ec="2" bec="0" bev="0" fileid="2" />
                <SequencePoint vc="0" uspid="111" ordinal="17" sl="111" sc="1" el="111" ec="2" bec="0" bev="0" fileid="2" />
                <SequencePoint vc="0" uspid="112" ordinal="18" sl="112" sc="1" el="112" ec="2" bec="0" bev="0" fileid="2" />
                <SequencePoint vc="2" uspid="114" ordinal="19" sl="114" sc="1" el="114" ec="2" bec="0" bev="0" fileid="2" />
              </SequencePoints>
              <BranchPoints>
                <BranchPoint vc="1" uspid="89" ordinal="0" path="0" offset="175" offsetend="177" sl="89" fileid="2" />
                <BranchPoint vc="2" uspid="89" ordinal="1" path="1" offset="175" offsetend="189" sl="89" fileid="2" />
                <BranchPoint vc="2" uspid="97" ordinal="2" path="0" offset="359" offsetend="361" sl="97" fileid="2" />
                <BranchPoint vc="0" uspid="97" ordinal="3" path="1" offset="359" offsetend="371" sl="97" fileid="2" />
              </BranchPoints>
              <MethodPoint vc="15" uspid="0" p8:type="SequencePoint" ordinal="0" offset="0" sc="0" sl="83" ec="1" el="114" bec="0" bev="0" fileid="2" xmlns:p8="xsi" />
            </Method>
          </Methods>
        </Class>
        <Class>
          <Summary numSequencePoints="12" visitedSequencePoints="7" numBranchPoints="2" visitedBranchPoints="1" sequenceCoverage="58.33" branchCoverage="50" maxCyclomaticComplexity="2" minCyclomaticComplexity="2" visitedClasses="1" numClasses="1" visitedMethods="1" numMethods="1" />
          <FullName>AvanadeEstacionamento.Domain.Services.EstacionamentoService/&lt;Delete&gt;d__7</FullName>
          <Methods>
            <Method cyclomaticComplexity="2" nPathComplexity="2" sequenceCoverage="58.33" branchCoverage="50" isConstructor="False" isGetter="False" isSetter="False" isStatic="True">
              <Summary numSequencePoints="12" visitedSequencePoints="7" numBranchPoints="2" visitedBranchPoints="1" sequenceCoverage="58.33" branchCoverage="50" maxCyclomaticComplexity="2" minCyclomaticComplexity="2" visitedClasses="0" numClasses="0" visitedMethods="1" numMethods="1" />
              <MetadataToken />
              <Name>System.Void AvanadeEstacionamento.Domain.Services.EstacionamentoService/&lt;Delete&gt;d__7::MoveNext()</Name>
              <FileRef uid="2" />
              <SequencePoints>
                <SequencePoint vc="1" uspid="117" ordinal="0" sl="117" sc="1" el="117" ec="2" bec="0" bev="0" fileid="2" />
                <SequencePoint vc="1" uspid="119" ordinal="1" sl="119" sc="1" el="119" ec="2" bec="0" bev="0" fileid="2" />
                <SequencePoint vc="1" uspid="120" ordinal="2" sl="120" sc="1" el="120" ec="2" bec="0" bev="0" fileid="2" />
                <SequencePoint vc="1" uspid="122" ordinal="3" sl="122" sc="1" el="122" ec="2" bec="2" bev="1" fileid="2" />
                <SequencePoint vc="1" uspid="123" ordinal="4" sl="123" sc="1" el="123" ec="2" bec="0" bev="0" fileid="2" />
                <SequencePoint vc="1" uspid="124" ordinal="5" sl="124" sc="1" el="124" ec="2" bec="0" bev="0" fileid="2" />
                <SequencePoint vc="0" uspid="127" ordinal="6" sl="127" sc="1" el="127" ec="2" bec="0" bev="0" fileid="2" />
                <SequencePoint vc="0" uspid="128" ordinal="7" sl="128" sc="1" el="128" ec="2" bec="0" bev="0" fileid="2" />
                <SequencePoint vc="0" uspid="131" ordinal="8" sl="131" sc="1" el="131" ec="2" bec="0" bev="0" fileid="2" />
                <SequencePoint vc="0" uspid="132" ordinal="9" sl="132" sc="1" el="132" ec="2" bec="0" bev="0" fileid="2" />
                <SequencePoint vc="0" uspid="133" ordinal="10" sl="133" sc="1" el="133" ec="2" bec="0" bev="0" fileid="2" />
                <SequencePoint vc="1" uspid="135" ordinal="11" sl="135" sc="1" el="135" ec="2" bec="0" bev="0" fileid="2" />
              </SequencePoints>
              <BranchPoints>
                <BranchPoint vc="1" uspid="122" ordinal="0" path="0" offset="163" offsetend="165" sl="122" fileid="2" />
                <BranchPoint vc="0" uspid="122" ordinal="1" path="1" offset="163" offsetend="170" sl="122" fileid="2" />
              </BranchPoints>
              <MethodPoint vc="7" uspid="0" p8:type="SequencePoint" ordinal="0" offset="0" sc="0" sl="117" ec="1" el="135" bec="0" bev="0" fileid="2" xmlns:p8="xsi" />
            </Method>
          </Methods>
        </Class>
        <Class>
          <Summary numSequencePoints="11" visitedSequencePoints="11" numBranchPoints="4" visitedBranchPoints="3" sequenceCoverage="100" branchCoverage="75" maxCyclomaticComplexity="4" minCyclomaticComplexity="4" visitedClasses="1" numClasses="1" visitedMethods="1" numMethods="1" />
          <FullName>AvanadeEstacionamento.Domain.Services.EstacionamentoService/&lt;GetAll&gt;d__3</FullName>
          <Methods>
            <Method cyclomaticComplexity="4" nPathComplexity="4" sequenceCoverage="100" branchCoverage="75" isConstructor="False" isGetter="False" isSetter="False" isStatic="True">
              <Summary numSequencePoints="11" visitedSequencePoints="11" numBranchPoints="4" visitedBranchPoints="3" sequenceCoverage="100" branchCoverage="75" maxCyclomaticComplexity="4" minCyclomaticComplexity="4" visitedClasses="0" numClasses="0" visitedMethods="1" numMethods="1" />
              <MetadataToken />
              <Name>System.Void AvanadeEstacionamento.Domain.Services.EstacionamentoService/&lt;GetAll&gt;d__3::MoveNext()</Name>
              <FileRef uid="2" />
              <SequencePoints>
                <SequencePoint vc="2" uspid="35" ordinal="0" sl="35" sc="1" el="35" ec="2" bec="0" bev="0" fileid="2" />
                <SequencePoint vc="2" uspid="37" ordinal="1" sl="37" sc="1" el="37" ec="2" bec="0" bev="0" fileid="2" />
                <SequencePoint vc="2" uspid="38" ordinal="2" sl="38" sc="1" el="38" ec="2" bec="0" bev="0" fileid="2" />
                <SequencePoint vc="2" uspid="40" ordinal="3" sl="40" sc="1" el="40" ec="2" bec="4" bev="3" fileid="2" />
                <SequencePoint vc="1" uspid="41" ordinal="4" sl="41" sc="1" el="41" ec="2" bec="0" bev="0" fileid="2" />
                <SequencePoint vc="1" uspid="42" ordinal="5" sl="42" sc="1" el="42" ec="2" bec="0" bev="0" fileid="2" />
                <SequencePoint vc="1" uspid="44" ordinal="6" sl="44" sc="1" el="44" ec="2" bec="0" bev="0" fileid="2" />
                <SequencePoint vc="1" uspid="46" ordinal="7" sl="46" sc="1" el="46" ec="2" bec="0" bev="0" fileid="2" />
                <SequencePoint vc="1" uspid="47" ordinal="8" sl="47" sc="1" el="47" ec="2" bec="0" bev="0" fileid="2" />
                <SequencePoint vc="1" uspid="48" ordinal="9" sl="48" sc="1" el="48" ec="2" bec="0" bev="0" fileid="2" />
                <SequencePoint vc="1" uspid="50" ordinal="10" sl="50" sc="1" el="50" ec="2" bec="0" bev="0" fileid="2" />
              </SequencePoints>
              <BranchPoints>
                <BranchPoint vc="2" uspid="40" ordinal="0" path="0" offset="160" offsetend="162" sl="40" fileid="2" />
                <BranchPoint vc="0" uspid="40" ordinal="1" path="1" offset="160" offsetend="178" sl="40" fileid="2" />
                <BranchPoint vc="1" uspid="40" ordinal="2" path="0" offset="183" offsetend="185" sl="40" fileid="2" />
                <BranchPoint vc="1" uspid="40" ordinal="3" path="1" offset="183" offsetend="197" sl="40" fileid="2" />
              </BranchPoints>
              <MethodPoint vc="11" uspid="0" p8:type="SequencePoint" ordinal="0" offset="0" sc="0" sl="35" ec="1" el="50" bec="0" bev="0" fileid="2" xmlns:p8="xsi" />
            </Method>
          </Methods>
        </Class>
        <Class>
          <Summary numSequencePoints="11" visitedSequencePoints="11" numBranchPoints="2" visitedBranchPoints="2" sequenceCoverage="100" branchCoverage="100" maxCyclomaticComplexity="2" minCyclomaticComplexity="2" visitedClasses="1" numClasses="1" visitedMethods="1" numMethods="1" />
          <FullName>AvanadeEstacionamento.Domain.Services.EstacionamentoService/&lt;GetById&gt;d__4</FullName>
          <Methods>
            <Method cyclomaticComplexity="2" nPathComplexity="2" sequenceCoverage="100" branchCoverage="100" isConstructor="False" isGetter="False" isSetter="False" isStatic="True">
              <Summary numSequencePoints="11" visitedSequencePoints="11" numBranchPoints="2" visitedBranchPoints="2" sequenceCoverage="100" branchCoverage="100" maxCyclomaticComplexity="2" minCyclomaticComplexity="2" visitedClasses="0" numClasses="0" visitedMethods="1" numMethods="1" />
              <MetadataToken />
              <Name>System.Void AvanadeEstacionamento.Domain.Services.EstacionamentoService/&lt;GetById&gt;d__4::MoveNext()</Name>
              <FileRef uid="2" />
              <SequencePoints>
                <SequencePoint vc="3" uspid="53" ordinal="0" sl="53" sc="1" el="53" ec="2" bec="0" bev="0" fileid="2" />
                <SequencePoint vc="3" uspid="55" ordinal="1" sl="55" sc="1" el="55" ec="2" bec="0" bev="0" fileid="2" />
                <SequencePoint vc="3" uspid="56" ordinal="2" sl="56" sc="1" el="56" ec="2" bec="0" bev="0" fileid="2" />
                <SequencePoint vc="3" uspid="58" ordinal="3" sl="58" sc="1" el="58" ec="2" bec="2" bev="2" fileid="2" />
                <SequencePoint vc="1" uspid="59" ordinal="4" sl="59" sc="1" el="59" ec="2" bec="0" bev="0" fileid="2" />
                <SequencePoint vc="1" uspid="60" ordinal="5" sl="60" sc="1" el="60" ec="2" bec="0" bev="0" fileid="2" />
                <SequencePoint vc="2" uspid="62" ordinal="6" sl="62" sc="1" el="62" ec="2" bec="0" bev="0" fileid="2" />
                <SequencePoint vc="1" uspid="64" ordinal="7" sl="64" sc="1" el="64" ec="2" bec="0" bev="0" fileid="2" />
                <SequencePoint vc="1" uspid="65" ordinal="8" sl="65" sc="1" el="65" ec="2" bec="0" bev="0" fileid="2" />
                <SequencePoint vc="1" uspid="66" ordinal="9" sl="66" sc="1" el="66" ec="2" bec="0" bev="0" fileid="2" />
                <SequencePoint vc="2" uspid="68" ordinal="10" sl="68" sc="1" el="68" ec="2" bec="0" bev="0" fileid="2" />
              </SequencePoints>
              <BranchPoints>
                <BranchPoint vc="1" uspid="58" ordinal="0" path="0" offset="173" offsetend="175" sl="58" fileid="2" />
                <BranchPoint vc="2" uspid="58" ordinal="1" path="1" offset="173" offsetend="187" sl="58" fileid="2" />
              </BranchPoints>
              <MethodPoint vc="11" uspid="0" p8:type="SequencePoint" ordinal="0" offset="0" sc="0" sl="53" ec="1" el="68" bec="0" bev="0" fileid="2" xmlns:p8="xsi" />
            </Method>
          </Methods>
        </Class>
        <Class>
          <Summary numSequencePoints="7" visitedSequencePoints="7" numBranchPoints="2" visitedBranchPoints="2" sequenceCoverage="100" branchCoverage="100" maxCyclomaticComplexity="2" minCyclomaticComplexity="2" visitedClasses="1" numClasses="1" visitedMethods="1" numMethods="1" />
          <FullName>AvanadeEstacionamento.Domain.Services.EstacionamentoService/&lt;GetByName&gt;d__5</FullName>
          <Methods>
            <Method cyclomaticComplexity="2" nPathComplexity="2" sequenceCoverage="100" branchCoverage="100" isConstructor="False" isGetter="False" isSetter="False" isStatic="True">
              <Summary numSequencePoints="7" visitedSequencePoints="7" numBranchPoints="2" visitedBranchPoints="2" sequenceCoverage="100" branchCoverage="100" maxCyclomaticComplexity="2" minCyclomaticComplexity="2" visitedClasses="0" numClasses="0" visitedMethods="1" numMethods="1" />
              <MetadataToken />
              <Name>System.Void AvanadeEstacionamento.Domain.Services.EstacionamentoService/&lt;GetByName&gt;d__5::MoveNext()</Name>
              <FileRef uid="2" />
              <SequencePoints>
                <SequencePoint vc="4" uspid="71" ordinal="0" sl="71" sc="1" el="71" ec="2" bec="0" bev="0" fileid="2" />
                <SequencePoint vc="4" uspid="72" ordinal="1" sl="72" sc="1" el="72" ec="2" bec="0" bev="0" fileid="2" />
                <SequencePoint vc="4" uspid="74" ordinal="2" sl="74" sc="1" el="74" ec="2" bec="2" bev="2" fileid="2" />
                <SequencePoint vc="2" uspid="75" ordinal="3" sl="75" sc="1" el="75" ec="2" bec="0" bev="0" fileid="2" />
                <SequencePoint vc="2" uspid="76" ordinal="4" sl="76" sc="1" el="76" ec="2" bec="0" bev="0" fileid="2" />
                <SequencePoint vc="2" uspid="79" ordinal="5" sl="79" sc="1" el="79" ec="2" bec="0" bev="0" fileid="2" />
                <SequencePoint vc="4" uspid="80" ordinal="6" sl="80" sc="1" el="80" ec="2" bec="0" bev="0" fileid="2" />
              </SequencePoints>
              <BranchPoints>
                <BranchPoint vc="2" uspid="74" ordinal="0" path="0" offset="164" offsetend="166" sl="74" fileid="2" />
                <BranchPoint vc="2" uspid="74" ordinal="1" path="1" offset="164" offsetend="171" sl="74" fileid="2" />
              </BranchPoints>
              <MethodPoint vc="7" uspid="0" p8:type="SequencePoint" ordinal="0" offset="0" sc="0" sl="71" ec="1" el="80" bec="0" bev="0" fileid="2" xmlns:p8="xsi" />
            </Method>
          </Methods>
        </Class>
        <Class>
          <Summary numSequencePoints="21" visitedSequencePoints="11" numBranchPoints="4" visitedBranchPoints="2" sequenceCoverage="52.38" branchCoverage="50" maxCyclomaticComplexity="4" minCyclomaticComplexity="4" visitedClasses="1" numClasses="1" visitedMethods="1" numMethods="1" />
          <FullName>AvanadeEstacionamento.Domain.Services.EstacionamentoService/&lt;Update&gt;d__8</FullName>
          <Methods>
            <Method cyclomaticComplexity="4" nPathComplexity="4" sequenceCoverage="52.38" branchCoverage="50" isConstructor="False" isGetter="False" isSetter="False" isStatic="True">
              <Summary numSequencePoints="21" visitedSequencePoints="11" numBranchPoints="4" visitedBranchPoints="2" sequenceCoverage="52.38" branchCoverage="50" maxCyclomaticComplexity="4" minCyclomaticComplexity="4" visitedClasses="0" numClasses="0" visitedMethods="1" numMethods="1" />
              <MetadataToken />
              <Name>System.Void AvanadeEstacionamento.Domain.Services.EstacionamentoService/&lt;Update&gt;d__8::MoveNext()</Name>
              <FileRef uid="2" />
              <SequencePoints>
                <SequencePoint vc="1" uspid="138" ordinal="0" sl="138" sc="1" el="138" ec="2" bec="0" bev="0" fileid="2" />
                <SequencePoint vc="1" uspid="140" ordinal="1" sl="140" sc="1" el="140" ec="2" bec="0" bev="0" fileid="2" />
                <SequencePoint vc="1" uspid="141" ordinal="2" sl="141" sc="1" el="141" ec="2" bec="2" bev="1" fileid="2" />
                <SequencePoint vc="0" uspid="142" ordinal="3" sl="142" sc="1" el="142" ec="2" bec="0" bev="0" fileid="2" />
                <SequencePoint vc="0" uspid="143" ordinal="4" sl="143" sc="1" el="143" ec="2" bec="0" bev="0" fileid="2" />
                <SequencePoint vc="1" uspid="146" ordinal="5" sl="146" sc="1" el="146" ec="2" bec="0" bev="0" fileid="2" />
                <SequencePoint vc="1" uspid="147" ordinal="6" sl="147" sc="1" el="147" ec="2" bec="0" bev="0" fileid="2" />
                <SequencePoint vc="1" uspid="149" ordinal="7" sl="149" sc="1" el="149" ec="2" bec="0" bev="0" fileid="2" />
                <SequencePoint vc="1" uspid="150" ordinal="8" sl="150" sc="1" el="150" ec="2" bec="0" bev="0" fileid="2" />
                <SequencePoint vc="1" uspid="152" ordinal="9" sl="152" sc="1" el="152" ec="2" bec="2" bev="1" fileid="2" />
                <SequencePoint vc="1" uspid="153" ordinal="10" sl="153" sc="1" el="153" ec="2" bec="0" bev="0" fileid="2" />
                <SequencePoint vc="1" uspid="154" ordinal="11" sl="154" sc="1" el="154" ec="2" bec="0" bev="0" fileid="2" />
                <SequencePoint vc="0" uspid="157" ordinal="12" sl="157" sc="1" el="157" ec="2" bec="0" bev="0" fileid="2" />
                <SequencePoint vc="0" uspid="158" ordinal="13" sl="158" sc="1" el="158" ec="2" bec="0" bev="0" fileid="2" />
                <SequencePoint vc="0" uspid="163" ordinal="14" sl="163" sc="1" el="163" ec="2" bec="0" bev="0" fileid="2" />
                <SequencePoint vc="0" uspid="164" ordinal="15" sl="164" sc="1" el="164" ec="2" bec="0" bev="0" fileid="2" />
                <SequencePoint vc="0" uspid="165" ordinal="16" sl="165" sc="1" el="165" ec="2" bec="0" bev="0" fileid="2" />
                <SequencePoint vc="0" uspid="167" ordinal="17" sl="167" sc="1" el="167" ec="2" bec="0" bev="0" fileid="2" />
                <SequencePoint vc="0" uspid="168" ordinal="18" sl="168" sc="1" el="168" ec="2" bec="0" bev="0" fileid="2" />
                <SequencePoint vc="0" uspid="169" ordinal="19" sl="169" sc="1" el="169" ec="2" bec="0" bev="0" fileid="2" />
                <SequencePoint vc="1" uspid="171" ordinal="20" sl="171" sc="1" el="171" ec="2" bec="0" bev="0" fileid="2" />
              </SequencePoints>
              <BranchPoints>
                <BranchPoint vc="0" uspid="141" ordinal="0" path="0" offset="51" offsetend="53" sl="141" fileid="2" />
                <BranchPoint vc="1" uspid="141" ordinal="1" path="1" offset="51" offsetend="65" sl="141" fileid="2" />
                <BranchPoint vc="1" uspid="152" ordinal="2" path="0" offset="256" offsetend="258" sl="152" fileid="2" />
                <BranchPoint vc="0" uspid="152" ordinal="3" path="1" offset="256" offsetend="263" sl="152" fileid="2" />
              </BranchPoints>
              <MethodPoint vc="11" uspid="0" p8:type="SequencePoint" ordinal="0" offset="0" sc="0" sl="138" ec="1" el="171" bec="0" bev="0" fileid="2" xmlns:p8="xsi" />
            </Method>
          </Methods>
        </Class>
        <Class>
          <Summary numSequencePoints="6" visitedSequencePoints="6" numBranchPoints="0" visitedBranchPoints="0" sequenceCoverage="100" branchCoverage="100" maxCyclomaticComplexity="1" minCyclomaticComplexity="1" visitedClasses="1" numClasses="1" visitedMethods="1" numMethods="1" />
          <FullName>AvanadeEstacionamento.Domain.Services.VeiculoService</FullName>
          <Methods>
            <Method cyclomaticComplexity="1" nPathComplexity="1" sequenceCoverage="100" branchCoverage="100" isConstructor="True" isGetter="False" isSetter="False" isStatic="True">
              <Summary numSequencePoints="6" visitedSequencePoints="6" numBranchPoints="0" visitedBranchPoints="0" sequenceCoverage="100" branchCoverage="100" maxCyclomaticComplexity="1" minCyclomaticComplexity="1" visitedClasses="0" numClasses="0" visitedMethods="1" numMethods="1" />
              <MetadataToken />
              <Name>System.Void AvanadeEstacionamento.Domain.Services.VeiculoService::.ctor(AvanadeEstacionamento.Domain.Interfaces.Repository.IVeiculoRepository,AvanadeEstacionamento.Domain.Interfaces.Repository.IEstacionamentoRepository,AutoMapper.IMapper)</Name>
              <FileRef uid="3" />
              <SequencePoints>
                <SequencePoint vc="13" uspid="26" ordinal="0" sl="26" sc="1" el="26" ec="2" bec="0" bev="0" fileid="3" />
                <SequencePoint vc="13" uspid="27" ordinal="1" sl="27" sc="1" el="27" ec="2" bec="0" bev="0" fileid="3" />
                <SequencePoint vc="13" uspid="28" ordinal="2" sl="28" sc="1" el="28" ec="2" bec="0" bev="0" fileid="3" />
                <SequencePoint vc="13" uspid="29" ordinal="3" sl="29" sc="1" el="29" ec="2" bec="0" bev="0" fileid="3" />
                <SequencePoint vc="13" uspid="30" ordinal="4" sl="30" sc="1" el="30" ec="2" bec="0" bev="0" fileid="3" />
                <SequencePoint vc="13" uspid="31" ordinal="5" sl="31" sc="1" el="31" ec="2" bec="0" bev="0" fileid="3" />
              </SequencePoints>
              <BranchPoints />
              <MethodPoint vc="6" uspid="0" p8:type="SequencePoint" ordinal="0" offset="0" sc="0" sl="26" ec="1" el="31" bec="0" bev="0" fileid="3" xmlns:p8="xsi" />
            </Method>
          </Methods>
        </Class>
        <Class>
          <Summary numSequencePoints="6" visitedSequencePoints="6" numBranchPoints="0" visitedBranchPoints="0" sequenceCoverage="100" branchCoverage="100" maxCyclomaticComplexity="1" minCyclomaticComplexity="1" visitedClasses="1" numClasses="1" visitedMethods="1" numMethods="1" />
          <FullName>AvanadeEstacionamento.Domain.Services.VeiculoService/&lt;CalculateDebt&gt;d__13</FullName>
          <Methods>
            <Method cyclomaticComplexity="1" nPathComplexity="1" sequenceCoverage="100" branchCoverage="100" isConstructor="False" isGetter="False" isSetter="False" isStatic="True">
              <Summary numSequencePoints="6" visitedSequencePoints="6" numBranchPoints="0" visitedBranchPoints="0" sequenceCoverage="100" branchCoverage="100" maxCyclomaticComplexity="1" minCyclomaticComplexity="1" visitedClasses="0" numClasses="0" visitedMethods="1" numMethods="1" />
              <MetadataToken />
              <Name>System.Void AvanadeEstacionamento.Domain.Services.VeiculoService/&lt;CalculateDebt&gt;d__13::MoveNext()</Name>
              <FileRef uid="3" />
              <SequencePoints>
                <SequencePoint vc="2" uspid="283" ordinal="0" sl="283" sc="1" el="283" ec="2" bec="0" bev="0" fileid="3" />
                <SequencePoint vc="2" uspid="284" ordinal="1" sl="284" sc="1" el="284" ec="2" bec="0" bev="0" fileid="3" />
                <SequencePoint vc="2" uspid="286" ordinal="2" sl="286" sc="1" el="286" ec="2" bec="0" bev="0" fileid="3" />
                <SequencePoint vc="2" uspid="288" ordinal="3" sl="288" sc="1" el="288" ec="2" bec="0" bev="0" fileid="3" />
                <SequencePoint vc="2" uspid="290" ordinal="4" sl="290" sc="1" el="290" ec="2" bec="0" bev="0" fileid="3" />
                <SequencePoint vc="2" uspid="291" ordinal="5" sl="291" sc="1" el="291" ec="2" bec="0" bev="0" fileid="3" />
              </SequencePoints>
              <BranchPoints />
              <MethodPoint vc="6" uspid="0" p8:type="SequencePoint" ordinal="0" offset="0" sc="0" sl="283" ec="1" el="291" bec="0" bev="0" fileid="3" xmlns:p8="xsi" />
            </Method>
          </Methods>
        </Class>
        <Class>
          <Summary numSequencePoints="16" visitedSequencePoints="10" numBranchPoints="0" visitedBranchPoints="0" sequenceCoverage="62.5" branchCoverage="100" maxCyclomaticComplexity="1" minCyclomaticComplexity="1" visitedClasses="1" numClasses="1" visitedMethods="1" numMethods="1" />
          <FullName>AvanadeEstacionamento.Domain.Services.VeiculoService/&lt;Checkout&gt;d__12</FullName>
          <Methods>
            <Method cyclomaticComplexity="1" nPathComplexity="1" sequenceCoverage="62.5" branchCoverage="100" isConstructor="False" isGetter="False" isSetter="False" isStatic="True">
              <Summary numSequencePoints="16" visitedSequencePoints="10" numBranchPoints="0" visitedBranchPoints="0" sequenceCoverage="62.5" branchCoverage="100" maxCyclomaticComplexity="1" minCyclomaticComplexity="1" visitedClasses="0" numClasses="0" visitedMethods="1" numMethods="1" />
              <MetadataToken />
              <Name>System.Void AvanadeEstacionamento.Domain.Services.VeiculoService/&lt;Checkout&gt;d__12::MoveNext()</Name>
              <FileRef uid="3" />
              <SequencePoints>
                <SequencePoint vc="1" uspid="249" ordinal="0" sl="249" sc="1" el="249" ec="2" bec="0" bev="0" fileid="3" />
                <SequencePoint vc="1" uspid="251" ordinal="1" sl="251" sc="1" el="251" ec="2" bec="0" bev="0" fileid="3" />
                <SequencePoint vc="1" uspid="252" ordinal="2" sl="252" sc="1" el="252" ec="2" bec="0" bev="0" fileid="3" />
                <SequencePoint vc="1" uspid="254" ordinal="3" sl="254" sc="1" el="254" ec="2" bec="0" bev="0" fileid="3" />
                <SequencePoint vc="1" uspid="258" ordinal="4" sl="258" sc="1" el="258" ec="2" bec="0" bev="0" fileid="3" />
                <SequencePoint vc="1" uspid="259" ordinal="5" sl="259" sc="1" el="259" ec="2" bec="0" bev="0" fileid="3" />
                <SequencePoint vc="1" uspid="260" ordinal="6" sl="260" sc="1" el="260" ec="2" bec="0" bev="0" fileid="3" />
                <SequencePoint vc="1" uspid="262" ordinal="7" sl="262" sc="1" el="262" ec="2" bec="0" bev="0" fileid="3" />
                <SequencePoint vc="1" uspid="266" ordinal="8" sl="266" sc="1" el="266" ec="2" bec="0" bev="0" fileid="3" />
                <SequencePoint vc="0" uspid="268" ordinal="9" sl="268" sc="1" el="268" ec="2" bec="0" bev="0" fileid="3" />
                <SequencePoint vc="0" uspid="269" ordinal="10" sl="269" sc="1" el="269" ec="2" bec="0" bev="0" fileid="3" />
                <SequencePoint vc="0" uspid="270" ordinal="11" sl="270" sc="1" el="270" ec="2" bec="0" bev="0" fileid="3" />
                <SequencePoint vc="0" uspid="272" ordinal="12" sl="272" sc="1" el="272" ec="2" bec="0" bev="0" fileid="3" />
                <SequencePoint vc="0" uspid="273" ordinal="13" sl="273" sc="1" el="273" ec="2" bec="0" bev="0" fileid="3" />
                <SequencePoint vc="0" uspid="274" ordinal="14" sl="274" sc="1" el="274" ec="2" bec="0" bev="0" fileid="3" />
                <SequencePoint vc="1" uspid="276" ordinal="15" sl="276" sc="1" el="276" ec="2" bec="0" bev="0" fileid="3" />
              </SequencePoints>
              <BranchPoints />
              <MethodPoint vc="10" uspid="0" p8:type="SequencePoint" ordinal="0" offset="0" sc="0" sl="249" ec="1" el="276" bec="0" bev="0" fileid="3" xmlns:p8="xsi" />
            </Method>
          </Methods>
        </Class>
        <Class>
          <Summary numSequencePoints="20" visitedSequencePoints="15" numBranchPoints="4" visitedBranchPoints="3" sequenceCoverage="75" branchCoverage="75" maxCyclomaticComplexity="4" minCyclomaticComplexity="4" visitedClasses="1" numClasses="1" visitedMethods="1" numMethods="1" />
          <FullName>AvanadeEstacionamento.Domain.Services.VeiculoService/&lt;Create&gt;d__8</FullName>
          <Methods>
            <Method cyclomaticComplexity="4" nPathComplexity="4" sequenceCoverage="75" branchCoverage="75" isConstructor="False" isGetter="False" isSetter="False" isStatic="True">
              <Summary numSequencePoints="20" visitedSequencePoints="15" numBranchPoints="4" visitedBranchPoints="3" sequenceCoverage="75" branchCoverage="75" maxCyclomaticComplexity="4" minCyclomaticComplexity="4" visitedClasses="0" numClasses="0" visitedMethods="1" numMethods="1" />
              <MetadataToken />
              <Name>System.Void AvanadeEstacionamento.Domain.Services.VeiculoService/&lt;Create&gt;d__8::MoveNext()</Name>
              <FileRef uid="3" />
              <SequencePoints>
                <SequencePoint vc="3" uspid="130" ordinal="0" sl="130" sc="1" el="130" ec="2" bec="0" bev="0" fileid="3" />
                <SequencePoint vc="3" uspid="132" ordinal="1" sl="132" sc="1" el="132" ec="2" bec="0" bev="0" fileid="3" />
                <SequencePoint vc="3" uspid="133" ordinal="2" sl="133" sc="1" el="133" ec="2" bec="0" bev="0" fileid="3" />
                <SequencePoint vc="3" uspid="135" ordinal="3" sl="135" sc="1" el="135" ec="2" bec="2" bev="2" fileid="3" />
                <SequencePoint vc="1" uspid="136" ordinal="4" sl="136" sc="1" el="136" ec="2" bec="0" bev="0" fileid="3" />
                <SequencePoint vc="1" uspid="137" ordinal="5" sl="137" sc="1" el="137" ec="2" bec="0" bev="0" fileid="3" />
                <SequencePoint vc="2" uspid="140" ordinal="6" sl="140" sc="1" el="140" ec="2" bec="0" bev="0" fileid="3" />
                <SequencePoint vc="2" uspid="142" ordinal="7" sl="142" sc="1" el="142" ec="2" bec="2" bev="1" fileid="3" />
                <SequencePoint vc="0" uspid="143" ordinal="8" sl="143" sc="1" el="143" ec="2" bec="0" bev="0" fileid="3" />
                <SequencePoint vc="0" uspid="144" ordinal="9" sl="144" sc="1" el="144" ec="2" bec="0" bev="0" fileid="3" />
                <SequencePoint vc="2" uspid="147" ordinal="10" sl="147" sc="1" el="147" ec="2" bec="0" bev="0" fileid="3" />
                <SequencePoint vc="2" uspid="148" ordinal="11" sl="148" sc="1" el="148" ec="2" bec="0" bev="0" fileid="3" />
                <SequencePoint vc="2" uspid="150" ordinal="12" sl="150" sc="1" el="150" ec="2" bec="0" bev="0" fileid="3" />
                <SequencePoint vc="1" uspid="152" ordinal="13" sl="152" sc="1" el="152" ec="2" bec="0" bev="0" fileid="3" />
                <SequencePoint vc="1" uspid="153" ordinal="14" sl="153" sc="1" el="153" ec="2" bec="0" bev="0" fileid="3" />
                <SequencePoint vc="1" uspid="154" ordinal="15" sl="154" sc="1" el="154" ec="2" bec="0" bev="0" fileid="3" />
                <SequencePoint vc="0" uspid="156" ordinal="16" sl="156" sc="1" el="156" ec="2" bec="0" bev="0" fileid="3" />
                <SequencePoint vc="0" uspid="157" ordinal="17" sl="157" sc="1" el="157" ec="2" bec="0" bev="0" fileid="3" />
                <SequencePoint vc="0" uspid="158" ordinal="18" sl="158" sc="1" el="158" ec="2" bec="0" bev="0" fileid="3" />
                <SequencePoint vc="2" uspid="160" ordinal="19" sl="160" sc="1" el="160" ec="2" bec="0" bev="0" fileid="3" />
              </SequencePoints>
              <BranchPoints>
                <BranchPoint vc="1" uspid="135" ordinal="0" path="0" offset="189" offsetend="191" sl="135" fileid="3" />
                <BranchPoint vc="2" uspid="135" ordinal="1" path="1" offset="189" offsetend="203" sl="135" fileid="3" />
                <BranchPoint vc="0" uspid="142" ordinal="2" path="0" offset="360" offsetend="362" sl="142" fileid="3" />
                <BranchPoint vc="2" uspid="142" ordinal="3" path="1" offset="360" offsetend="374" sl="142" fileid="3" />
              </BranchPoints>
              <MethodPoint vc="15" uspid="0" p8:type="SequencePoint" ordinal="0" offset="0" sc="0" sl="130" ec="1" el="160" bec="0" bev="0" fileid="3" xmlns:p8="xsi" />
            </Method>
          </Methods>
        </Class>
        <Class>
          <Summary numSequencePoints="12" visitedSequencePoints="7" numBranchPoints="2" visitedBranchPoints="1" sequenceCoverage="58.33" branchCoverage="50" maxCyclomaticComplexity="2" minCyclomaticComplexity="2" visitedClasses="1" numClasses="1" visitedMethods="1" numMethods="1" />
          <FullName>AvanadeEstacionamento.Domain.Services.VeiculoService/&lt;Delete&gt;d__10</FullName>
          <Methods>
            <Method cyclomaticComplexity="2" nPathComplexity="2" sequenceCoverage="58.33" branchCoverage="50" isConstructor="False" isGetter="False" isSetter="False" isStatic="True">
              <Summary numSequencePoints="12" visitedSequencePoints="7" numBranchPoints="2" visitedBranchPoints="1" sequenceCoverage="58.33" branchCoverage="50" maxCyclomaticComplexity="2" minCyclomaticComplexity="2" visitedClasses="0" numClasses="0" visitedMethods="1" numMethods="1" />
              <MetadataToken />
              <Name>System.Void AvanadeEstacionamento.Domain.Services.VeiculoService/&lt;Delete&gt;d__10::MoveNext()</Name>
              <FileRef uid="3" />
              <SequencePoints>
                <SequencePoint vc="1" uspid="176" ordinal="0" sl="176" sc="1" el="176" ec="2" bec="0" bev="0" fileid="3" />
                <SequencePoint vc="1" uspid="178" ordinal="1" sl="178" sc="1" el="178" ec="2" bec="0" bev="0" fileid="3" />
                <SequencePoint vc="1" uspid="179" ordinal="2" sl="179" sc="1" el="179" ec="2" bec="0" bev="0" fileid="3" />
                <SequencePoint vc="1" uspid="181" ordinal="3" sl="181" sc="1" el="181" ec="2" bec="2" bev="1" fileid="3" />
                <SequencePoint vc="1" uspid="182" ordinal="4" sl="182" sc="1" el="182" ec="2" bec="0" bev="0" fileid="3" />
                <SequencePoint vc="1" uspid="183" ordinal="5" sl="183" sc="1" el="183" ec="2" bec="0" bev="0" fileid="3" />
                <SequencePoint vc="0" uspid="186" ordinal="6" sl="186" sc="1" el="186" ec="2" bec="0" bev="0" fileid="3" />
                <SequencePoint vc="0" uspid="187" ordinal="7" sl="187" sc="1" el="187" ec="2" bec="0" bev="0" fileid="3" />
                <SequencePoint vc="0" uspid="190" ordinal="8" sl="190" sc="1" el="190" ec="2" bec="0" bev="0" fileid="3" />
                <SequencePoint vc="0" uspid="191" ordinal="9" sl="191" sc="1" el="191" ec="2" bec="0" bev="0" fileid="3" />
                <SequencePoint vc="0" uspid="192" ordinal="10" sl="192" sc="1" el="192" ec="2" bec="0" bev="0" fileid="3" />
                <SequencePoint vc="1" uspid="195" ordinal="11" sl="195" sc="1" el="195" ec="2" bec="0" bev="0" fileid="3" />
              </SequencePoints>
              <BranchPoints>
                <BranchPoint vc="1" uspid="181" ordinal="0" path="0" offset="163" offsetend="165" sl="181" fileid="3" />
                <BranchPoint vc="0" uspid="181" ordinal="1" path="1" offset="163" offsetend="170" sl="181" fileid="3" />
              </BranchPoints>
              <MethodPoint vc="7" uspid="0" p8:type="SequencePoint" ordinal="0" offset="0" sc="0" sl="176" ec="1" el="195" bec="0" bev="0" fileid="3" xmlns:p8="xsi" />
            </Method>
          </Methods>
        </Class>
        <Class>
          <Summary numSequencePoints="11" visitedSequencePoints="11" numBranchPoints="4" visitedBranchPoints="3" sequenceCoverage="100" branchCoverage="75" maxCyclomaticComplexity="4" minCyclomaticComplexity="4" visitedClasses="1" numClasses="1" visitedMethods="1" numMethods="1" />
          <FullName>AvanadeEstacionamento.Domain.Services.VeiculoService/&lt;GetAll&gt;d__4</FullName>
          <Methods>
            <Method cyclomaticComplexity="4" nPathComplexity="4" sequenceCoverage="100" branchCoverage="75" isConstructor="False" isGetter="False" isSetter="False" isStatic="True">
              <Summary numSequencePoints="11" visitedSequencePoints="11" numBranchPoints="4" visitedBranchPoints="3" sequenceCoverage="100" branchCoverage="75" maxCyclomaticComplexity="4" minCyclomaticComplexity="4" visitedClasses="0" numClasses="0" visitedMethods="1" numMethods="1" />
              <MetadataToken />
              <Name>System.Void AvanadeEstacionamento.Domain.Services.VeiculoService/&lt;GetAll&gt;d__4::MoveNext()</Name>
              <FileRef uid="3" />
              <SequencePoints>
                <SequencePoint vc="2" uspid="38" ordinal="0" sl="38" sc="1" el="38" ec="2" bec="0" bev="0" fileid="3" />
                <SequencePoint vc="2" uspid="40" ordinal="1" sl="40" sc="1" el="40" ec="2" bec="0" bev="0" fileid="3" />
                <SequencePoint vc="2" uspid="41" ordinal="2" sl="41" sc="1" el="41" ec="2" bec="0" bev="0" fileid="3" />
                <SequencePoint vc="2" uspid="43" ordinal="3" sl="43" sc="1" el="43" ec="2" bec="4" bev="3" fileid="3" />
                <SequencePoint vc="1" uspid="44" ordinal="4" sl="44" sc="1" el="44" ec="2" bec="0" bev="0" fileid="3" />
                <SequencePoint vc="1" uspid="45" ordinal="5" sl="45" sc="1" el="45" ec="2" bec="0" bev="0" fileid="3" />
                <SequencePoint vc="1" uspid="47" ordinal="6" sl="47" sc="1" el="47" ec="2" bec="0" bev="0" fileid="3" />
                <SequencePoint vc="1" uspid="49" ordinal="7" sl="49" sc="1" el="49" ec="2" bec="0" bev="0" fileid="3" />
                <SequencePoint vc="1" uspid="50" ordinal="8" sl="50" sc="1" el="50" ec="2" bec="0" bev="0" fileid="3" />
                <SequencePoint vc="1" uspid="51" ordinal="9" sl="51" sc="1" el="51" ec="2" bec="0" bev="0" fileid="3" />
                <SequencePoint vc="1" uspid="53" ordinal="10" sl="53" sc="1" el="53" ec="2" bec="0" bev="0" fileid="3" />
              </SequencePoints>
              <BranchPoints>
                <BranchPoint vc="2" uspid="43" ordinal="0" path="0" offset="160" offsetend="162" sl="43" fileid="3" />
                <BranchPoint vc="0" uspid="43" ordinal="1" path="1" offset="160" offsetend="178" sl="43" fileid="3" />
                <BranchPoint vc="1" uspid="43" ordinal="2" path="0" offset="183" offsetend="185" sl="43" fileid="3" />
                <BranchPoint vc="1" uspid="43" ordinal="3" path="1" offset="183" offsetend="197" sl="43" fileid="3" />
              </BranchPoints>
              <MethodPoint vc="11" uspid="0" p8:type="SequencePoint" ordinal="0" offset="0" sc="0" sl="38" ec="1" el="53" bec="0" bev="0" fileid="3" xmlns:p8="xsi" />
            </Method>
          </Methods>
        </Class>
        <Class>
          <Summary numSequencePoints="11" visitedSequencePoints="6" numBranchPoints="4" visitedBranchPoints="2" sequenceCoverage="54.54" branchCoverage="50" maxCyclomaticComplexity="4" minCyclomaticComplexity="4" visitedClasses="1" numClasses="1" visitedMethods="1" numMethods="1" />
          <FullName>AvanadeEstacionamento.Domain.Services.VeiculoService/&lt;GetByEstacionamentoId&gt;d__5</FullName>
          <Methods>
            <Method cyclomaticComplexity="4" nPathComplexity="4" sequenceCoverage="54.54" branchCoverage="50" isConstructor="False" isGetter="False" isSetter="False" isStatic="True">
              <Summary numSequencePoints="11" visitedSequencePoints="6" numBranchPoints="4" visitedBranchPoints="2" sequenceCoverage="54.54" branchCoverage="50" maxCyclomaticComplexity="4" minCyclomaticComplexity="4" visitedClasses="0" numClasses="0" visitedMethods="1" numMethods="1" />
              <MetadataToken />
              <Name>System.Void AvanadeEstacionamento.Domain.Services.VeiculoService/&lt;GetByEstacionamentoId&gt;d__5::MoveNext()</Name>
              <FileRef uid="3" />
              <SequencePoints>
                <SequencePoint vc="1" uspid="56" ordinal="0" sl="56" sc="1" el="56" ec="2" bec="0" bev="0" fileid="3" />
                <SequencePoint vc="1" uspid="58" ordinal="1" sl="58" sc="1" el="58" ec="2" bec="0" bev="0" fileid="3" />
                <SequencePoint vc="1" uspid="59" ordinal="2" sl="59" sc="1" el="59" ec="2" bec="0" bev="0" fileid="3" />
                <SequencePoint vc="1" uspid="61" ordinal="3" sl="61" sc="1" el="61" ec="2" bec="4" bev="2" fileid="3" />
                <SequencePoint vc="0" uspid="62" ordinal="4" sl="62" sc="1" el="62" ec="2" bec="0" bev="0" fileid="3" />
                <SequencePoint vc="0" uspid="63" ordinal="5" sl="63" sc="1" el="63" ec="2" bec="0" bev="0" fileid="3" />
                <SequencePoint vc="1" uspid="65" ordinal="6" sl="65" sc="1" el="65" ec="2" bec="0" bev="0" fileid="3" />
                <SequencePoint vc="0" uspid="67" ordinal="7" sl="67" sc="1" el="67" ec="2" bec="0" bev="0" fileid="3" />
                <SequencePoint vc="0" uspid="68" ordinal="8" sl="68" sc="1" el="68" ec="2" bec="0" bev="0" fileid="3" />
                <SequencePoint vc="0" uspid="69" ordinal="9" sl="69" sc="1" el="69" ec="2" bec="0" bev="0" fileid="3" />
                <SequencePoint vc="1" uspid="71" ordinal="10" sl="71" sc="1" el="71" ec="2" bec="0" bev="0" fileid="3" />
              </SequencePoints>
              <BranchPoints>
                <BranchPoint vc="1" uspid="61" ordinal="0" path="0" offset="166" offsetend="168" sl="61" fileid="3" />
                <BranchPoint vc="0" uspid="61" ordinal="1" path="1" offset="166" offsetend="184" sl="61" fileid="3" />
                <BranchPoint vc="0" uspid="61" ordinal="2" path="0" offset="189" offsetend="191" sl="61" fileid="3" />
                <BranchPoint vc="1" uspid="61" ordinal="3" path="1" offset="189" offsetend="203" sl="61" fileid="3" />
              </BranchPoints>
              <MethodPoint vc="6" uspid="0" p8:type="SequencePoint" ordinal="0" offset="0" sc="0" sl="56" ec="1" el="71" bec="0" bev="0" fileid="3" xmlns:p8="xsi" />
            </Method>
          </Methods>
        </Class>
        <Class>
          <Summary numSequencePoints="17" visitedSequencePoints="12" numBranchPoints="4" visitedBranchPoints="3" sequenceCoverage="70.58" branchCoverage="75" maxCyclomaticComplexity="4" minCyclomaticComplexity="4" visitedClasses="1" numClasses="1" visitedMethods="1" numMethods="1" />
          <FullName>AvanadeEstacionamento.Domain.Services.VeiculoService/&lt;GetById&gt;d__6</FullName>
          <Methods>
            <Method cyclomaticComplexity="4" nPathComplexity="4" sequenceCoverage="70.58" branchCoverage="75" isConstructor="False" isGetter="False" isSetter="False" isStatic="True">
              <Summary numSequencePoints="17" visitedSequencePoints="12" numBranchPoints="4" visitedBranchPoints="3" sequenceCoverage="70.58" branchCoverage="75" maxCyclomaticComplexity="4" minCyclomaticComplexity="4" visitedClasses="0" numClasses="0" visitedMethods="1" numMethods="1" />
              <MetadataToken />
              <Name>System.Void AvanadeEstacionamento.Domain.Services.VeiculoService/&lt;GetById&gt;d__6::MoveNext()</Name>
              <FileRef uid="3" />
              <SequencePoints>
                <SequencePoint vc="5" uspid="74" ordinal="0" sl="74" sc="1" el="74" ec="2" bec="0" bev="0" fileid="3" />
                <SequencePoint vc="5" uspid="76" ordinal="1" sl="76" sc="1" el="76" ec="2" bec="0" bev="0" fileid="3" />
                <SequencePoint vc="5" uspid="77" ordinal="2" sl="77" sc="1" el="77" ec="2" bec="0" bev="0" fileid="3" />
                <SequencePoint vc="5" uspid="79" ordinal="3" sl="79" sc="1" el="79" ec="2" bec="2" bev="2" fileid="3" />
                <SequencePoint vc="2" uspid="80" ordinal="4" sl="80" sc="1" el="80" ec="2" bec="0" bev="0" fileid="3" />
                <SequencePoint vc="2" uspid="81" ordinal="5" sl="81" sc="1" el="81" ec="2" bec="0" bev="0" fileid="3" />
                <SequencePoint vc="3" uspid="83" ordinal="6" sl="83" sc="1" el="83" ec="2" bec="2" bev="1" fileid="3" />
                <SequencePoint vc="0" uspid="84" ordinal="7" sl="84" sc="1" el="84" ec="2" bec="0" bev="0" fileid="3" />
                <SequencePoint vc="0" uspid="85" ordinal="8" sl="85" sc="1" el="85" ec="2" bec="0" bev="0" fileid="3" />
                <SequencePoint vc="3" uspid="87" ordinal="9" sl="87" sc="1" el="87" ec="2" bec="0" bev="0" fileid="3" />
                <SequencePoint vc="2" uspid="89" ordinal="10" sl="89" sc="1" el="89" ec="2" bec="0" bev="0" fileid="3" />
                <SequencePoint vc="2" uspid="90" ordinal="11" sl="90" sc="1" el="90" ec="2" bec="0" bev="0" fileid="3" />
                <SequencePoint vc="2" uspid="91" ordinal="12" sl="91" sc="1" el="91" ec="2" bec="0" bev="0" fileid="3" />
                <SequencePoint vc="0" uspid="93" ordinal="13" sl="93" sc="1" el="93" ec="2" bec="0" bev="0" fileid="3" />
                <SequencePoint vc="0" uspid="94" ordinal="14" sl="94" sc="1" el="94" ec="2" bec="0" bev="0" fileid="3" />
                <SequencePoint vc="0" uspid="95" ordinal="15" sl="95" sc="1" el="95" ec="2" bec="0" bev="0" fileid="3" />
                <SequencePoint vc="3" uspid="97" ordinal="16" sl="97" sc="1" el="97" ec="2" bec="0" bev="0" fileid="3" />
              </SequencePoints>
              <BranchPoints>
                <BranchPoint vc="2" uspid="79" ordinal="0" path="0" offset="173" offsetend="175" sl="79" fileid="3" />
                <BranchPoint vc="3" uspid="79" ordinal="1" path="1" offset="173" offsetend="187" sl="79" fileid="3" />
                <BranchPoint vc="0" uspid="83" ordinal="2" path="0" offset="205" offsetend="207" sl="83" fileid="3" />
                <BranchPoint vc="3" uspid="83" ordinal="3" path="1" offset="205" offsetend="219" sl="83" fileid="3" />
              </BranchPoints>
              <MethodPoint vc="12" uspid="0" p8:type="SequencePoint" ordinal="0" offset="0" sc="0" sl="74" ec="1" el="97" bec="0" bev="0" fileid="3" xmlns:p8="xsi" />
            </Method>
          </Methods>
        </Class>
        <Class>
          <Summary numSequencePoints="7" visitedSequencePoints="7" numBranchPoints="2" visitedBranchPoints="2" sequenceCoverage="100" branchCoverage="100" maxCyclomaticComplexity="2" minCyclomaticComplexity="2" visitedClasses="1" numClasses="1" visitedMethods="1" numMethods="1" />
          <FullName>AvanadeEstacionamento.Domain.Services.VeiculoService/&lt;GetByPlaca&gt;d__9</FullName>
          <Methods>
            <Method cyclomaticComplexity="2" nPathComplexity="2" sequenceCoverage="100" branchCoverage="100" isConstructor="False" isGetter="False" isSetter="False" isStatic="True">
              <Summary numSequencePoints="7" visitedSequencePoints="7" numBranchPoints="2" visitedBranchPoints="2" sequenceCoverage="100" branchCoverage="100" maxCyclomaticComplexity="2" minCyclomaticComplexity="2" visitedClasses="0" numClasses="0" visitedMethods="1" numMethods="1" />
              <MetadataToken />
              <Name>System.Void AvanadeEstacionamento.Domain.Services.VeiculoService/&lt;GetByPlaca&gt;d__9::MoveNext()</Name>
              <FileRef uid="3" />
              <SequencePoints>
                <SequencePoint vc="5" uspid="164" ordinal="0" sl="164" sc="1" el="164" ec="2" bec="0" bev="0" fileid="3" />
                <SequencePoint vc="5" uspid="165" ordinal="1" sl="165" sc="1" el="165" ec="2" bec="0" bev="0" fileid="3" />
                <SequencePoint vc="5" uspid="167" ordinal="2" sl="167" sc="1" el="167" ec="2" bec="2" bev="2" fileid="3" />
                <SequencePoint vc="2" uspid="168" ordinal="3" sl="168" sc="1" el="168" ec="2" bec="0" bev="0" fileid="3" />
                <SequencePoint vc="2" uspid="169" ordinal="4" sl="169" sc="1" el="169" ec="2" bec="0" bev="0" fileid="3" />
                <SequencePoint vc="3" uspid="172" ordinal="5" sl="172" sc="1" el="172" ec="2" bec="0" bev="0" fileid="3" />
                <SequencePoint vc="5" uspid="173" ordinal="6" sl="173" sc="1" el="173" ec="2" bec="0" bev="0" fileid="3" />
              </SequencePoints>
              <BranchPoints>
                <BranchPoint vc="2" uspid="167" ordinal="0" path="0" offset="164" offsetend="166" sl="167" fileid="3" />
                <BranchPoint vc="3" uspid="167" ordinal="1" path="1" offset="164" offsetend="171" sl="167" fileid="3" />
              </BranchPoints>
              <MethodPoint vc="7" uspid="0" p8:type="SequencePoint" ordinal="0" offset="0" sc="0" sl="164" ec="1" el="173" bec="0" bev="0" fileid="3" xmlns:p8="xsi" />
            </Method>
          </Methods>
        </Class>
        <Class>
          <Summary numSequencePoints="19" visitedSequencePoints="9" numBranchPoints="4" visitedBranchPoints="2" sequenceCoverage="47.36" branchCoverage="50" maxCyclomaticComplexity="4" minCyclomaticComplexity="4" visitedClasses="1" numClasses="1" visitedMethods="1" numMethods="1" />
          <FullName>AvanadeEstacionamento.Domain.Services.VeiculoService/&lt;GetDebt&gt;d__7</FullName>
          <Methods>
            <Method cyclomaticComplexity="4" nPathComplexity="4" sequenceCoverage="47.36" branchCoverage="50" isConstructor="False" isGetter="False" isSetter="False" isStatic="True">
              <Summary numSequencePoints="19" visitedSequencePoints="9" numBranchPoints="4" visitedBranchPoints="2" sequenceCoverage="47.36" branchCoverage="50" maxCyclomaticComplexity="4" minCyclomaticComplexity="4" visitedClasses="0" numClasses="0" visitedMethods="1" numMethods="1" />
              <MetadataToken />
              <Name>System.Void AvanadeEstacionamento.Domain.Services.VeiculoService/&lt;GetDebt&gt;d__7::MoveNext()</Name>
              <FileRef uid="3" />
              <SequencePoints>
                <SequencePoint vc="2" uspid="100" ordinal="0" sl="100" sc="1" el="100" ec="2" bec="0" bev="0" fileid="3" />
                <SequencePoint vc="2" uspid="102" ordinal="1" sl="102" sc="1" el="102" ec="2" bec="0" bev="0" fileid="3" />
                <SequencePoint vc="2" uspid="103" ordinal="2" sl="103" sc="1" el="103" ec="2" bec="0" bev="0" fileid="3" />
                <SequencePoint vc="2" uspid="105" ordinal="3" sl="105" sc="1" el="105" ec="2" bec="2" bev="1" fileid="3" />
                <SequencePoint vc="0" uspid="106" ordinal="4" sl="106" sc="1" el="106" ec="2" bec="0" bev="0" fileid="3" />
                <SequencePoint vc="0" uspid="107" ordinal="5" sl="107" sc="1" el="107" ec="2" bec="0" bev="0" fileid="3" />
                <SequencePoint vc="2" uspid="109" ordinal="6" sl="109" sc="1" el="109" ec="2" bec="2" bev="1" fileid="3" />
                <SequencePoint vc="0" uspid="110" ordinal="7" sl="110" sc="1" el="110" ec="2" bec="0" bev="0" fileid="3" />
                <SequencePoint vc="0" uspid="111" ordinal="8" sl="111" sc="1" el="111" ec="2" bec="0" bev="0" fileid="3" />
                <SequencePoint vc="2" uspid="114" ordinal="9" sl="114" sc="1" el="114" ec="2" bec="0" bev="0" fileid="3" />
                <SequencePoint vc="2" uspid="115" ordinal="10" sl="115" sc="1" el="115" ec="2" bec="0" bev="0" fileid="3" />
                <SequencePoint vc="2" uspid="116" ordinal="11" sl="116" sc="1" el="116" ec="2" bec="0" bev="0" fileid="3" />
                <SequencePoint vc="0" uspid="119" ordinal="12" sl="119" sc="1" el="119" ec="2" bec="0" bev="0" fileid="3" />
                <SequencePoint vc="0" uspid="120" ordinal="13" sl="120" sc="1" el="120" ec="2" bec="0" bev="0" fileid="3" />
                <SequencePoint vc="0" uspid="121" ordinal="14" sl="121" sc="1" el="121" ec="2" bec="0" bev="0" fileid="3" />
                <SequencePoint vc="0" uspid="123" ordinal="15" sl="123" sc="1" el="123" ec="2" bec="0" bev="0" fileid="3" />
                <SequencePoint vc="0" uspid="124" ordinal="16" sl="124" sc="1" el="124" ec="2" bec="0" bev="0" fileid="3" />
                <SequencePoint vc="0" uspid="125" ordinal="17" sl="125" sc="1" el="125" ec="2" bec="0" bev="0" fileid="3" />
                <SequencePoint vc="2" uspid="127" ordinal="18" sl="127" sc="1" el="127" ec="2" bec="0" bev="0" fileid="3" />
              </SequencePoints>
              <BranchPoints>
                <BranchPoint vc="0" uspid="105" ordinal="0" path="0" offset="185" offsetend="187" sl="105" fileid="3" />
                <BranchPoint vc="2" uspid="105" ordinal="1" path="1" offset="185" offsetend="199" sl="105" fileid="3" />
                <BranchPoint vc="0" uspid="109" ordinal="2" path="0" offset="217" offsetend="219" sl="109" fileid="3" />
                <BranchPoint vc="2" uspid="109" ordinal="3" path="1" offset="217" offsetend="231" sl="109" fileid="3" />
              </BranchPoints>
              <MethodPoint vc="9" uspid="0" p8:type="SequencePoint" ordinal="0" offset="0" sc="0" sl="100" ec="1" el="127" bec="0" bev="0" fileid="3" xmlns:p8="xsi" />
            </Method>
          </Methods>
        </Class>
        <Class>
          <Summary numSequencePoints="30" visitedSequencePoints="15" numBranchPoints="6" visitedBranchPoints="3" sequenceCoverage="50" branchCoverage="50" maxCyclomaticComplexity="6" minCyclomaticComplexity="6" visitedClasses="1" numClasses="1" visitedMethods="1" numMethods="1" />
          <FullName>AvanadeEstacionamento.Domain.Services.VeiculoService/&lt;Update&gt;d__11</FullName>
          <Methods>
            <Method cyclomaticComplexity="6" nPathComplexity="6" sequenceCoverage="50" branchCoverage="50" isConstructor="False" isGetter="False" isSetter="False" isStatic="True">
              <Summary numSequencePoints="30" visitedSequencePoints="15" numBranchPoints="6" visitedBranchPoints="3" sequenceCoverage="50" branchCoverage="50" maxCyclomaticComplexity="6" minCyclomaticComplexity="6" visitedClasses="0" numClasses="0" visitedMethods="1" numMethods="1" />
              <MetadataToken />
              <Name>System.Void AvanadeEstacionamento.Domain.Services.VeiculoService/&lt;Update&gt;d__11::MoveNext()</Name>
              <FileRef uid="3" />
              <SequencePoints>
                <SequencePoint vc="1" uspid="198" ordinal="0" sl="198" sc="1" el="198" ec="2" bec="0" bev="0" fileid="3" />
                <SequencePoint vc="1" uspid="200" ordinal="1" sl="200" sc="1" el="200" ec="2" bec="0" bev="0" fileid="3" />
                <SequencePoint vc="1" uspid="201" ordinal="2" sl="201" sc="1" el="201" ec="2" bec="2" bev="1" fileid="3" />
                <SequencePoint vc="0" uspid="202" ordinal="3" sl="202" sc="1" el="202" ec="2" bec="0" bev="0" fileid="3" />
                <SequencePoint vc="0" uspid="203" ordinal="4" sl="203" sc="1" el="203" ec="2" bec="0" bev="0" fileid="3" />
                <SequencePoint vc="1" uspid="206" ordinal="5" sl="206" sc="1" el="206" ec="2" bec="0" bev="0" fileid="3" />
                <SequencePoint vc="1" uspid="208" ordinal="6" sl="208" sc="1" el="208" ec="2" bec="0" bev="0" fileid="3" />
                <SequencePoint vc="1" uspid="210" ordinal="7" sl="210" sc="1" el="210" ec="2" bec="2" bev="1" fileid="3" />
                <SequencePoint vc="0" uspid="211" ordinal="8" sl="211" sc="1" el="211" ec="2" bec="0" bev="0" fileid="3" />
                <SequencePoint vc="0" uspid="212" ordinal="9" sl="212" sc="1" el="212" ec="2" bec="0" bev="0" fileid="3" />
                <SequencePoint vc="1" uspid="215" ordinal="10" sl="215" sc="1" el="215" ec="2" bec="0" bev="0" fileid="3" />
                <SequencePoint vc="1" uspid="216" ordinal="11" sl="216" sc="1" el="216" ec="2" bec="0" bev="0" fileid="3" />
                <SequencePoint vc="1" uspid="218" ordinal="12" sl="218" sc="1" el="218" ec="2" bec="0" bev="0" fileid="3" />
                <SequencePoint vc="1" uspid="219" ordinal="13" sl="219" sc="1" el="219" ec="2" bec="0" bev="0" fileid="3" />
                <SequencePoint vc="1" uspid="220" ordinal="14" sl="220" sc="1" el="220" ec="2" bec="0" bev="0" fileid="3" />
                <SequencePoint vc="1" uspid="222" ordinal="15" sl="222" sc="1" el="222" ec="2" bec="2" bev="1" fileid="3" />
                <SequencePoint vc="1" uspid="223" ordinal="16" sl="223" sc="1" el="223" ec="2" bec="0" bev="0" fileid="3" />
                <SequencePoint vc="1" uspid="224" ordinal="17" sl="224" sc="1" el="224" ec="2" bec="0" bev="0" fileid="3" />
                <SequencePoint vc="0" uspid="227" ordinal="18" sl="227" sc="1" el="227" ec="2" bec="0" bev="0" fileid="3" />
                <SequencePoint vc="0" uspid="228" ordinal="19" sl="228" sc="1" el="228" ec="2" bec="0" bev="0" fileid="3" />
                <SequencePoint vc="0" uspid="233" ordinal="20" sl="233" sc="1" el="233" ec="2" bec="0" bev="0" fileid="3" />
                <SequencePoint vc="0" uspid="234" ordinal="21" sl="234" sc="1" el="234" ec="2" bec="0" bev="0" fileid="3" />
                <SequencePoint vc="0" uspid="235" ordinal="22" sl="235" sc="1" el="235" ec="2" bec="0" bev="0" fileid="3" />
                <SequencePoint vc="0" uspid="237" ordinal="23" sl="237" sc="1" el="237" ec="2" bec="0" bev="0" fileid="3" />
                <SequencePoint vc="0" uspid="238" ordinal="24" sl="238" sc="1" el="238" ec="2" bec="0" bev="0" fileid="3" />
                <SequencePoint vc="0" uspid="239" ordinal="25" sl="239" sc="1" el="239" ec="2" bec="0" bev="0" fileid="3" />
                <SequencePoint vc="0" uspid="241" ordinal="26" sl="241" sc="1" el="241" ec="2" bec="0" bev="0" fileid="3" />
                <SequencePoint vc="0" uspid="242" ordinal="27" sl="242" sc="1" el="242" ec="2" bec="0" bev="0" fileid="3" />
                <SequencePoint vc="0" uspid="243" ordinal="28" sl="243" sc="1" el="243" ec="2" bec="0" bev="0" fileid="3" />
                <SequencePoint vc="1" uspid="246" ordinal="29" sl="246" sc="1" el="246" ec="2" bec="0" bev="0" fileid="3" />
              </SequencePoints>
              <BranchPoints>
                <BranchPoint vc="0" uspid="201" ordinal="0" path="0" offset="74" offsetend="76" sl="201" fileid="3" />
                <BranchPoint vc="1" uspid="201" ordinal="1" path="1" offset="74" offsetend="88" sl="201" fileid="3" />
                <BranchPoint vc="0" uspid="210" ordinal="2" path="0" offset="229" offsetend="231" sl="210" fileid="3" />
                <BranchPoint vc="1" uspid="210" ordinal="3" path="1" offset="229" offsetend="243" sl="210" fileid="3" />
                <BranchPoint vc="1" uspid="222" ordinal="4" path="0" offset="594" offsetend="596" sl="222" fileid="3" />
                <BranchPoint vc="0" uspid="222" ordinal="5" path="1" offset="594" offsetend="601" sl="222" fileid="3" />
              </BranchPoints>
              <MethodPoint vc="15" uspid="0" p8:type="SequencePoint" ordinal="0" offset="0" sc="0" sl="198" ec="1" el="246" bec="0" bev="0" fileid="3" xmlns:p8="xsi" />
            </Method>
          </Methods>
        </Class>
        <Class>
          <Summary numSequencePoints="19" visitedSequencePoints="9" numBranchPoints="4" visitedBranchPoints="2" sequenceCoverage="47.36" branchCoverage="50" maxCyclomaticComplexity="4" minCyclomaticComplexity="4" visitedClasses="1" numClasses="1" visitedMethods="1" numMethods="1" />
          <FullName>AvanadeEstacionamento.Domain.Services.VeiculoService/&lt;UpdateModel&gt;d__14</FullName>
          <Methods>
            <Method cyclomaticComplexity="4" nPathComplexity="4" sequenceCoverage="47.36" branchCoverage="50" isConstructor="False" isGetter="False" isSetter="False" isStatic="True">
              <Summary numSequencePoints="19" visitedSequencePoints="9" numBranchPoints="4" visitedBranchPoints="2" sequenceCoverage="47.36" branchCoverage="50" maxCyclomaticComplexity="4" minCyclomaticComplexity="4" visitedClasses="0" numClasses="0" visitedMethods="1" numMethods="1" />
              <MetadataToken />
              <Name>System.Void AvanadeEstacionamento.Domain.Services.VeiculoService/&lt;UpdateModel&gt;d__14::MoveNext()</Name>
              <FileRef uid="3" />
              <SequencePoints>
                <SequencePoint vc="1" uspid="294" ordinal="0" sl="294" sc="1" el="294" ec="2" bec="0" bev="0" fileid="3" />
                <SequencePoint vc="1" uspid="296" ordinal="1" sl="296" sc="1" el="296" ec="2" bec="0" bev="0" fileid="3" />
                <SequencePoint vc="1" uspid="297" ordinal="2" sl="297" sc="1" el="297" ec="2" bec="2" bev="1" fileid="3" />
                <SequencePoint vc="0" uspid="298" ordinal="3" sl="298" sc="1" el="298" ec="2" bec="0" bev="0" fileid="3" />
                <SequencePoint vc="0" uspid="299" ordinal="4" sl="299" sc="1" el="299" ec="2" bec="0" bev="0" fileid="3" />
                <SequencePoint vc="1" uspid="302" ordinal="5" sl="302" sc="1" el="302" ec="2" bec="0" bev="0" fileid="3" />
                <SequencePoint vc="1" uspid="303" ordinal="6" sl="303" sc="1" el="303" ec="2" bec="0" bev="0" fileid="3" />
                <SequencePoint vc="1" uspid="305" ordinal="7" sl="305" sc="1" el="305" ec="2" bec="2" bev="1" fileid="3" />
                <SequencePoint vc="1" uspid="306" ordinal="8" sl="306" sc="1" el="306" ec="2" bec="0" bev="0" fileid="3" />
                <SequencePoint vc="1" uspid="307" ordinal="9" sl="307" sc="1" el="307" ec="2" bec="0" bev="0" fileid="3" />
                <SequencePoint vc="0" uspid="310" ordinal="10" sl="310" sc="1" el="310" ec="2" bec="0" bev="0" fileid="3" />
                <SequencePoint vc="0" uspid="311" ordinal="11" sl="311" sc="1" el="311" ec="2" bec="0" bev="0" fileid="3" />
                <SequencePoint vc="0" uspid="315" ordinal="12" sl="315" sc="1" el="315" ec="2" bec="0" bev="0" fileid="3" />
                <SequencePoint vc="0" uspid="316" ordinal="13" sl="316" sc="1" el="316" ec="2" bec="0" bev="0" fileid="3" />
                <SequencePoint vc="0" uspid="317" ordinal="14" sl="317" sc="1" el="317" ec="2" bec="0" bev="0" fileid="3" />
                <SequencePoint vc="0" uspid="319" ordinal="15" sl="319" sc="1" el="319" ec="2" bec="0" bev="0" fileid="3" />
                <SequencePoint vc="0" uspid="320" ordinal="16" sl="320" sc="1" el="320" ec="2" bec="0" bev="0" fileid="3" />
                <SequencePoint vc="0" uspid="321" ordinal="17" sl="321" sc="1" el="321" ec="2" bec="0" bev="0" fileid="3" />
                <SequencePoint vc="1" uspid="324" ordinal="18" sl="324" sc="1" el="324" ec="2" bec="0" bev="0" fileid="3" />
              </SequencePoints>
              <BranchPoints>
                <BranchPoint vc="0" uspid="297" ordinal="0" path="0" offset="48" offsetend="50" sl="297" fileid="3" />
                <BranchPoint vc="1" uspid="297" ordinal="1" path="1" offset="48" offsetend="62" sl="297" fileid="3" />
                <BranchPoint vc="1" uspid="305" ordinal="2" path="0" offset="203" offsetend="205" sl="305" fileid="3" />
                <BranchPoint vc="0" uspid="305" ordinal="3" path="1" offset="203" offsetend="210" sl="305" fileid="3" />
              </BranchPoints>
[...]
              <FileRef uid="9" />
              <SequencePoints>
                <SequencePoint vc="6" uspid="11" ordinal="0" sl="11" sc="1" el="11" ec="2" bec="0" bev="0" fileid="9" />
              </SequencePoints>
              <BranchPoints />
              <MethodPoint vc="1" uspid="0" p8:type="SequencePoint" ordinal="0" offset="0" sc="0" sl="11" ec="1" el="11" bec="0" bev="0" fileid="9" xmlns:p8="xsi" />
            </Method>
          </Methods>
        </Class>
        <Class>
          <Summary numSequencePoints="2" visitedSequencePoints="2" numBranchPoints="0" visitedBranchPoints="0" sequenceCoverage="100" branchCoverage="100" maxCyclomaticComplexity="1" minCyclomaticComplexity="1" visitedClasses="1" numClasses="1" visitedMethods="2" numMethods="2" />
          <FullName>AvanadeEstacionamento.Domain.DTO.Veiculo.RequestUpdateVeiculoDTO</FullName>
          <Methods>
            <Method cyclomaticComplexity="1" nPathComplexity="1" sequenceCoverage="100" branchCoverage="100" isConstructor="False" isGetter="True" isSetter="False" isStatic="True">
              <Summary numSequencePoints="1" visitedSequencePoints="1" numBranchPoints="0" visitedBranchPoints="0" sequenceCoverage="100" branchCoverage="100" maxCyclomaticComplexity="1" minCyclomaticComplexity="1" visitedClasses="0" numClasses="0" visitedMethods="1" numMethods="1" />
              <MetadataToken />
              <Name>System.Guid AvanadeEstacionamento.Domain.DTO.Veiculo.RequestUpdateVeiculoDTO::get_Id()</Name>
              <FileRef uid="10" />
              <SequencePoints>
                <SequencePoint vc="3" uspid="7" ordinal="0" sl="7" sc="1" el="7" ec="2" bec="0" bev="0" fileid="10" />
              </SequencePoints>
              <BranchPoints />
              <MethodPoint vc="1" uspid="0" p8:type="SequencePoint" ordinal="0" offset="0" sc="0" sl="7" ec="1" el="7" bec="0" bev="0" fileid="10" xmlns:p8="xsi" />
            </Method>
            <Method cyclomaticComplexity="1" nPathComplexity="1" sequenceCoverage="100" branchCoverage="100" isConstructor="False" isGetter="True" isSetter="False" isStatic="True">
              <Summary numSequencePoints="1" visitedSequencePoints="1" numBranchPoints="0" visitedBranchPoints="0" sequenceCoverage="100" branchCoverage="100" maxCyclomaticComplexity="1" minCyclomaticComplexity="1" visitedClasses="0" numClasses="0" visitedMethods="1" numMethods="1" />
              <MetadataToken />
              <Name>System.String AvanadeEstacionamento.Domain.DTO.Veiculo.RequestUpdateVeiculoDTO::get_Placa()</Name>
              <FileRef uid="10" />
              <SequencePoints>
                <SequencePoint vc="3" uspid="11" ordinal="0" sl="11" sc="1" el="11" ec="2" bec="0" bev="0" fileid="10" />
              </SequencePoints>
              <BranchPoints />
              <MethodPoint vc="1" uspid="0" p8:type="SequencePoint" ordinal="1" offset="1" sc="0" sl="11" ec="1" el="11" bec="0" bev="0" fileid="10" xmlns:p8="xsi" />
            </Method>
          </Methods>
        </Class>
        <Class>
          <Summary numSequencePoints="2" visitedSequencePoints="2" numBranchPoints="0" visitedBranchPoints="0" sequenceCoverage="100" branchCoverage="100" maxCyclomaticComplexity="1" minCyclomaticComplexity="1" visitedClasses="1" numClasses="1" visitedMethods="2" numMethods="2" />
          <FullName>AvanadeEstacionamento.Domain.DTO.Veiculo.RequestVeiculoDTO</FullName>
          <Methods>
            <Method cyclomaticComplexity="1" nPathComplexity="1" sequenceCoverage="100" branchCoverage="100" isConstructor="False" isGetter="True" isSetter="False" isStatic="True">
              <Summary numSequencePoints="1" visitedSequencePoints="1" numBranchPoints="0" visitedBranchPoints="0" sequenceCoverage="100" branchCoverage="100" maxCyclomaticComplexity="1" minCyclomaticComplexity="1" visitedClasses="0" numClasses="0" visitedMethods="1" numMethods="1" />
              <MetadataToken />
              <Name>System.String AvanadeEstacionamento.Domain.DTO.Veiculo.RequestVeiculoDTO::get_Placa()</Name>
              <FileRef uid="11" />
              <SequencePoints>
                <SequencePoint vc="8" uspid="10" ordinal="0" sl="10" sc="1" el="10" ec="2" bec="0" bev="0" fileid="11" />
              </SequencePoints>
              <BranchPoints />
              <MethodPoint vc="1" uspid="0" p8:type="SequencePoint" ordinal="0" offset="0" sc="0" sl="10" ec="1" el="10" bec="0" bev="0" fileid="11" xmlns:p8="xsi" />
            </Method>
            <Method cyclomaticComplexity="1" nPathComplexity="1" sequenceCoverage="100" branchCoverage="100" isConstructor="False" isGetter="True" isSetter="False" isStatic="True">
              <Summary numSequencePoints="1" visitedSequencePoints="1" numBranchPoints="0" visitedBranchPoints="0" sequenceCoverage="100" branchCoverage="100" maxCyclomaticComplexity="1" minCyclomaticComplexity="1" visitedClasses="0" numClasses="0" visitedMethods="1" numMethods="1" />
              <MetadataToken />
              <Name>System.Guid AvanadeEstacionamento.Domain.DTO.Veiculo.RequestVeiculoDTO::get_EstacionamentoId()</Name>
              <FileRef uid="11" />
              <SequencePoints>
                <SequencePoint vc="15" uspid="13" ordinal="0" sl="13" sc="1" el="13" ec="2" bec="0" bev="0" fileid="11" />
              </SequencePoints>
              <BranchPoints />
              <MethodPoint vc="1" uspid="0" p8:type="SequencePoint" ordinal="1" offset="1" sc="0" sl="13" ec="1" el="13" bec="0" bev="0" fileid="11" xmlns:p8="xsi" />
            </Method>
          </Methods>
        </Class>
        <Class>
          <Summary numSequencePoints="3" visitedSequencePoints="3" numBranchPoints="0" visitedBranchPoints="0" sequenceCoverage="100" branchCoverage="100" maxCyclomaticComplexity="1" minCyclomaticComplexity="1" visitedClasses="1" numClasses="1" visitedMethods="3" numMethods="3" />
          <FullName>AvanadeEstacionamento.Domain.DTO.Veiculo.ResponseCheckoutVeiculoDTO</FullName>
          <Methods>
            <Method cyclomaticComplexity="1" nPathComplexity="1" sequenceCoverage="100" branchCoverage="100" isConstructor="False" isGetter="True" isSetter="False" isStatic="True">
              <Summary numSequencePoints="1" visitedSequencePoints="1" numBranchPoints="0" visitedBranchPoints="0" sequenceCoverage="100" branchCoverage="100" maxCyclomaticComplexity="1" minCyclomaticComplexity="1" visitedClasses="0" numClasses="0" visitedMethods="1" numMethods="1" />
              <MetadataToken />
              <Name>System.DateTime AvanadeEstacionamento.Domain.DTO.Veiculo.ResponseCheckoutVeiculoDTO::get_DataCriacao()</Name>
              <FileRef uid="12" />
              <SequencePoints>
                <SequencePoint vc="1" uspid="6" ordinal="0" sl="6" sc="1" el="6" ec="2" bec="0" bev="0" fileid="12" />
              </SequencePoints>
              <BranchPoints />
              <MethodPoint vc="1" uspid="0" p8:type="SequencePoint" ordinal="0" offset="0" sc="0" sl="6" ec="1" el="6" bec="0" bev="0" fileid="12" xmlns:p8="xsi" />
            </Method>
            <Method cyclomaticComplexity="1" nPathComplexity="1" sequenceCoverage="100" branchCoverage="100" isConstructor="False" isGetter="True" isSetter="False" isStatic="True">
              <Summary numSequencePoints="1" visitedSequencePoints="1" numBranchPoints="0" visitedBranchPoints="0" sequenceCoverage="100" branchCoverage="100" maxCyclomaticComplexity="1" minCyclomaticComplexity="1" visitedClasses="0" numClasses="0" visitedMethods="1" numMethods="1" />
              <MetadataToken />
              <Name>System.Nullable`1&lt;System.DateTime&gt; AvanadeEstacionamento.Domain.DTO.Veiculo.ResponseCheckoutVeiculoDTO::get_DataCheckout()</Name>
              <FileRef uid="12" />
              <SequencePoints>
                <SequencePoint vc="1" uspid="8" ordinal="0" sl="8" sc="1" el="8" ec="2" bec="0" bev="0" fileid="12" />
              </SequencePoints>
              <BranchPoints />
              <MethodPoint vc="1" uspid="0" p8:type="SequencePoint" ordinal="1" offset="1" sc="0" sl="8" ec="1" el="8" bec="0" bev="0" fileid="12" xmlns:p8="xsi" />
            </Method>
            <Method cyclomaticComplexity="1" nPathComplexity="1" sequenceCoverage="100" branchCoverage="100" isConstructor="False" isGetter="True" isSetter="False" isStatic="True">
              <Summary numSequencePoints="1" visitedSequencePoints="1" numBranchPoints="0" visitedBranchPoints="0" sequenceCoverage="100" branchCoverage="100" maxCyclomaticComplexity="1" minCyclomaticComplexity="1" visitedClasses="0" numClasses="0" visitedMethods="1" numMethods="1" />
              <MetadataToken />
              <Name>System.Decimal AvanadeEstacionamento.Domain.DTO.Veiculo.ResponseCheckoutVeiculoDTO::get_TotalDebt()</Name>
              <FileRef uid="12" />
              <SequencePoints>
                <SequencePoint vc="2" uspid="10" ordinal="0" sl="10" sc="1" el="10" ec="2" bec="0" bev="0" fileid="12" />
              </SequencePoints>
              <BranchPoints />
              <MethodPoint vc="1" uspid="0" p8:type="SequencePoint" ordinal="2" offset="2" sc="0" sl="10" ec="1" el="10" bec="0" bev="0" fileid="12" xmlns:p8="xsi" />
            </Method>
          </Methods>
        </Class>
        <Class>
          <Summary numSequencePoints="3" visitedSequencePoints="3" numBranchPoints="0" visitedBranchPoints="0" sequenceCoverage="100" branchCoverage="100" maxCyclomaticComplexity="1" minCyclomaticComplexity="1" visitedClasses="1" numClasses="1" visitedMethods="3" numMethods="3" />
          <FullName>AvanadeEstacionamento.Domain.DTO.Estacionamento.RequestEstacionamentoDTO</FullName>
          <Methods>
            <Method cyclomaticComplexity="1" nPathComplexity="1" sequenceCoverage="100" branchCoverage="100" isConstructor="False" isGetter="True" isSetter="False" isStatic="True">
              <Summary numSequencePoints="1" visitedSequencePoints="1" numBranchPoints="0" visitedBranchPoints="0" sequenceCoverage="100" branchCoverage="100" maxCyclomaticComplexity="1" minCyclomaticComplexity="1" visitedClasses="0" numClasses="0" visitedMethods="1" numMethods="1" />
              <MetadataToken />
              <Name>System.String AvanadeEstacionamento.Domain.DTO.Estacionamento.RequestEstacionamentoDTO::get_Nome()</Name>
              <FileRef uid="13" />
              <SequencePoints>
                <SequencePoint vc="7" uspid="8" ordinal="0" sl="8" sc="1" el="8" ec="2" bec="0" bev="0" fileid="13" />
              </SequencePoints>
              <BranchPoints />
              <MethodPoint vc="1" uspid="0" p8:type="SequencePoint" ordinal="0" offset="0" sc="0" sl="8" ec="1" el="8" bec="0" bev="0" fileid="13" xmlns:p8="xsi" />
            </Method>
            <Method cyclomaticComplexity="1" nPathComplexity="1" sequenceCoverage="100" branchCoverage="100" isConstructor="False" isGetter="True" isSetter="False" isStatic="True">
              <Summary numSequencePoints="1" visitedSequencePoints="1" numBranchPoints="0" visitedBranchPoints="0" sequenceCoverage="100" branchCoverage="100" maxCyclomaticComplexity="1" minCyclomaticComplexity="1" visitedClasses="0" numClasses="0" visitedMethods="1" numMethods="1" />
              <MetadataToken />
              <Name>System.Decimal AvanadeEstacionamento.Domain.DTO.Estacionamento.RequestEstacionamentoDTO::get_PrecoInicial()</Name>
              <FileRef uid="13" />
              <SequencePoints>
                <SequencePoint vc="4" uspid="12" ordinal="0" sl="12" sc="1" el="12" ec="2" bec="0" bev="0" fileid="13" />
              </SequencePoints>
              <BranchPoints />
              <MethodPoint vc="1" uspid="0" p8:type="SequencePoint" ordinal="1" offset="1" sc="0" sl="12" ec="1" el="12" bec="0" bev="0" fileid="13" xmlns:p8="xsi" />
            </Method>
            <Method cyclomaticComplexity="1" nPathComplexity="1" sequenceCoverage="100" branchCoverage="100" isConstructor="False" isGetter="True" isSetter="False" isStatic="True">
              <Summary numSequencePoints="1" visitedSequencePoints="1" numBranchPoints="0" visitedBranchPoints="0" sequenceCoverage="100" branchCoverage="100" maxCyclomaticComplexity="1" minCyclomaticComplexity="1" visitedClasses="0" numClasses="0" visitedMethods="1" numMethods="1" />
              <MetadataToken />
              <Name>System.Decimal AvanadeEstacionamento.Domain.DTO.Estacionamento.RequestEstacionamentoDTO::get_PrecoHora()</Name>
              <FileRef uid="13" />
              <SequencePoints>
                <SequencePoint vc="4" uspid="16" ordinal="0" sl="16" sc="1" el="16" ec="2" bec="0" bev="0" fileid="13" />
              </SequencePoints>
              <BranchPoints />
              <MethodPoint vc="1" uspid="0" p8:type="SequencePoint" ordinal="2" offset="2" sc="0" sl="16" ec="1" el="16" bec="0" bev="0" fileid="13" xmlns:p8="xsi" />
            </Method>
          </Methods>
        </Class>
        <Class>
          <Summary numSequencePoints="4" visitedSequencePoints="4" numBranchPoints="0" visitedBranchPoints="0" sequenceCoverage="100" branchCoverage="100" maxCyclomaticComplexity="1" minCyclomaticComplexity="1" visitedClasses="1" numClasses="1" visitedMethods="4" numMethods="4" />
          <FullName>AvanadeEstacionamento.Domain.DTO.Estacionamento.RequestUpdateEstacionamentoDTO</FullName>
          <Methods>
            <Method cyclomaticComplexity="1" nPathComplexity="1" sequenceCoverage="100" branchCoverage="100" isConstructor="False" isGetter="True" isSetter="False" isStatic="True">
              <Summary numSequencePoints="1" visitedSequencePoints="1" numBranchPoints="0" visitedBranchPoints="0" sequenceCoverage="100" branchCoverage="100" maxCyclomaticComplexity="1" minCyclomaticComplexity="1" visitedClasses="0" numClasses="0" visitedMethods="1" numMethods="1" />
              <MetadataToken />
              <Name>System.Guid AvanadeEstacionamento.Domain.DTO.Estacionamento.RequestUpdateEstacionamentoDTO::get_Id()</Name>
              <FileRef uid="14" />
              <SequencePoints>
                <SequencePoint vc="3" uspid="8" ordinal="0" sl="8" sc="1" el="8" ec="2" bec="0" bev="0" fileid="14" />
              </SequencePoints>
              <BranchPoints />
              <MethodPoint vc="1" uspid="0" p8:type="SequencePoint" ordinal="0" offset="0" sc="0" sl="8" ec="1" el="8" bec="0" bev="0" fileid="14" xmlns:p8="xsi" />
            </Method>
            <Method cyclomaticComplexity="1" nPathComplexity="1" sequenceCoverage="100" branchCoverage="100" isConstructor="False" isGetter="True" isSetter="False" isStatic="True">
              <Summary numSequencePoints="1" visitedSequencePoints="1" numBranchPoints="0" visitedBranchPoints="0" sequenceCoverage="100" branchCoverage="100" maxCyclomaticComplexity="1" minCyclomaticComplexity="1" visitedClasses="0" numClasses="0" visitedMethods="1" numMethods="1" />
              <MetadataToken />
              <Name>System.String AvanadeEstacionamento.Domain.DTO.Estacionamento.RequestUpdateEstacionamentoDTO::get_Nome()</Name>
              <FileRef uid="14" />
              <SequencePoints>
                <SequencePoint vc="2" uspid="11" ordinal="0" sl="11" sc="1" el="11" ec="2" bec="0" bev="0" fileid="14" />
              </SequencePoints>
              <BranchPoints />
              <MethodPoint vc="1" uspid="0" p8:type="SequencePoint" ordinal="1" offset="1" sc="0" sl="11" ec="1" el="11" bec="0" bev="0" fileid="14" xmlns:p8="xsi" />
            </Method>
            <Method cyclomaticComplexity="1" nPathComplexity="1" sequenceCoverage="100" branchCoverage="100" isConstructor="False" isGetter="True" isSetter="False" isStatic="True">
              <Summary numSequencePoints="1" visitedSequencePoints="1" numBranchPoints="0" visitedBranchPoints="0" sequenceCoverage="100" branchCoverage="100" maxCyclomaticComplexity="1" minCyclomaticComplexity="1" visitedClasses="0" numClasses="0" visitedMethods="1" numMethods="1" />
              <MetadataToken />
              <Name>System.Decimal AvanadeEstacionamento.Domain.DTO.Estacionamento.RequestUpdateEstacionamentoDTO::get_PrecoInicial()</Name>
              <FileRef uid="14" />
              <SequencePoints>
                <SequencePoint vc="2" uspid="15" ordinal="0" sl="15" sc="1" el="15" ec="2" bec="0" bev="0" fileid="14" />
              </SequencePoints>
              <BranchPoints />
              <MethodPoint vc="1" uspid="0" p8:type="SequencePoint" ordinal="2" offset="2" sc="0" sl="15" ec="1" el="15" bec="0" bev="0" fileid="14" xmlns:p8="xsi" />
            </Method>
            <Method cyclomaticComplexity="1" nPathComplexity="1" sequenceCoverage="100" branchCoverage="100" isConstructor="False" isGetter="True" isSetter="False" isStatic="True">
              <Summary numSequencePoints="1" visitedSequencePoints="1" numBranchPoints="0" visitedBranchPoints="0" sequenceCoverage="100" branchCoverage="100" maxCyclomaticComplexity="1" minCyclomaticComplexity="1" visitedClasses="0" numClasses="0" visitedMethods="1" numMethods="1" />
              <MetadataToken />
              <Name>System.Decimal AvanadeEstacionamento.Domain.DTO.Estacionamento.RequestUpdateEstacionamentoDTO::get_PrecoHora()</Name>
              <FileRef uid="14" />
              <SequencePoints>
                <SequencePoint vc="2" uspid="19" ordinal="0" sl="19" sc="1" el="19" ec="2" bec="0" bev="0" fileid="14" />
              </SequencePoints>
              <BranchPoints />
              <MethodPoint vc="1" uspid="0" p8:type="SequencePoint" ordinal="3" offset="3" sc="0" sl="19" ec="1" el="19" bec="0" bev="0" fileid="14" xmlns:p8="xsi" />
            </Method>
          </Methods>
        </Class>
        <Class>
          <Summary numSequencePoints="7" visitedSequencePoints="0" numBranchPoints="0" visitedBranchPoints="0" sequenceCoverage="0" branchCoverage="100" maxCyclomaticComplexity="1" minCyclomaticComplexity="1" visitedClasses="0" numClasses="1" visitedMethods="0" numMethods="1" />
          <FullName>AvanadeEstacionamento.Domain.AutoMapper.AutoMapperProfile</FullName>
          <Methods>
            <Method cyclomaticComplexity="1" nPathComplexity="1" sequenceCoverage="0" branchCoverage="100" isConstructor="True" isGetter="False" isSetter="False" isStatic="True">
              <Summary numSequencePoints="7" visitedSequencePoints="0" numBranchPoints="0" visitedBranchPoints="0" sequenceCoverage="0" branchCoverage="100" maxCyclomaticComplexity="1" minCyclomaticComplexity="1" visitedClasses="0" numClasses="0" visitedMethods="0" numMethods="1" />
              <MetadataToken />
              <Name>System.Void AvanadeEstacionamento.Domain.AutoMapper.AutoMapperProfile::.ctor()</Name>
              <FileRef uid="15" />
              <SequencePoints>
                <SequencePoint vc="0" uspid="10" ordinal="0" sl="10" sc="1" el="10" ec="2" bec="0" bev="0" fileid="15" />
                <SequencePoint vc="0" uspid="11" ordinal="1" sl="11" sc="1" el="11" ec="2" bec="0" bev="0" fileid="15" />
                <SequencePoint vc="0" uspid="12" ordinal="2" sl="12" sc="1" el="12" ec="2" bec="0" bev="0" fileid="15" />
                <SequencePoint vc="0" uspid="13" ordinal="3" sl="13" sc="1" el="13" ec="2" bec="0" bev="0" fileid="15" />
                <SequencePoint vc="0" uspid="16" ordinal="4" sl="16" sc="1" el="16" ec="2" bec="0" bev="0" fileid="15" />
                <SequencePoint vc="0" uspid="17" ordinal="5" sl="17" sc="1" el="17" ec="2" bec="0" bev="0" fileid="15" />
                <SequencePoint vc="0" uspid="18" ordinal="6" sl="18" sc="1" el="18" ec="2" bec="0" bev="0" fileid="15" />
              </SequencePoints>
              <BranchPoints />
              <MethodPoint vc="0" uspid="0" p8:type="SequencePoint" ordinal="0" offset="0" sc="0" sl="10" ec="1" el="18" bec="0" bev="0" fileid="15" xmlns:p8="xsi" />
            </Method>
          </Methods>
        </Class>
      </Classes>
    </Module>
  </Modules>
</CoverageSession>